
================================================================
======== Log Rotated - 28/05/2023, 00:00:00                     
================================================================
[03:30:43] txAdmin: ((Broadcast) txAdmin): said "Este servidor está agendado para reiniciar em 30 minutos."
[03:45:43] txAdmin: ((Broadcast) txAdmin): said "Este servidor está agendado para reiniciar em 15 minutos."
[03:50:43] txAdmin: ((Broadcast) txAdmin): said "Este servidor está agendado para reiniciar em 10 minutos."
[03:55:43] txAdmin: ((Broadcast) txAdmin): said "Este servidor está agendado para reiniciar em 5 minutos."
[03:56:43] txAdmin: ((Broadcast) txAdmin): said "Este servidor está agendado para reiniciar em 4 minutos."
[03:57:43] txAdmin: ((Broadcast) txAdmin): said "Este servidor está agendado para reiniciar em 3 minutos."
[03:58:43] txAdmin: ((Broadcast) txAdmin): said "Este servidor está agendado para reiniciar em 2 minutos."
[03:59:43] txAdmin: ((Broadcast) txAdmin): said "Este servidor está agendado para reiniciar em 1 minuto. Por favor se disconecte agora."
[04:01:22] txAdmin: Logger started
[05:20:32] [xzVzy#1] Sousa: joined with identifiers [steam:11000013ecf386c; license:c109886425afe8ade119b979106d607d0667b9f1; discord:521733283579559976; fivem:9825065; license2:c109886425afe8ade119b979106d607d0667b9f1]
[05:20:41] [xzVzy#1] Sousa: disconnected (Exiting)
[06:07:40] [xzVzy#2] CavalinhoOriginal: joined with identifiers [steam:11000011d2110af; license:aa5dcfa3a832b3f3582a1346d97927bc92fb0911; xbl:2535421323545650; live:844425773221331; discord:691024898339897345; fivem:7092278; license2:aa5dcfa3a832b3f3582a1346d97927bc92fb0911]
[06:22:28] [xzVzy#3] Scream_Succesor: joined with identifiers [steam:110000106216cff; license:878c1205f0b17c55e54bac2dafffbfecfb424eda; live:985154977728566; discord:1033353831054057613; license2:2a26ee460b240726d5c089ce1fe4565f6bec1eb6]
[06:27:37] [xzVzy#4] Snowie♡: joined with identifiers [steam:11000013eb5440d; license:ba3726c8fd8d073f69a684a673b4d5bbca8f3ca9; discord:773305751337697331; license2:ba3726c8fd8d073f69a684a673b4d5bbca8f3ca9]
[06:29:37] [xzVzy#2] CavalinhoOriginal: disconnected (Exiting)
[06:31:27] [xzVzy#5] CavalinhoOriginal: joined with identifiers [steam:11000011d2110af; license:aa5dcfa3a832b3f3582a1346d97927bc92fb0911; xbl:2535421323545650; live:844425773221331; discord:691024898339897345; fivem:7092278; license2:aa5dcfa3a832b3f3582a1346d97927bc92fb0911]
[06:31:51] [xzVzy#3] Scream_Succesor: said "/virar"
[06:31:57] [xzVzy#3] Scream_Succesor: said "/virar"
[06:39:58] [xzVzy#6] Miny: joined with identifiers [steam:110000132460d3e; license:7c2b23d888dd955572e2baf04959fda63c7838b6; xbl:2535452986007273; live:985153941522979; discord:303969069659586561; fivem:8134317; license2:7c2b23d888dd955572e2baf04959fda63c7838b6]
[06:42:58] [xzVzy#3] Scream_Succesor: said "/guard"
[06:57:05] [xzVzy#4] Snowie♡: disconnected (Exiting)
[07:11:20] [xzVzy#3] Scream_Succesor: said "/capacete"
[07:11:30] [xzVzy#3] Scream_Succesor: said "/chapeu"
[07:13:21] [xzVzy#6] Miny: disconnected (Saiu)
[07:15:31] [xzVzy#5] CavalinhoOriginal: died from suicide (Falling)
[07:15:45] [xzVzy#3] Scream_Succesor: disconnected (Exiting)
[07:23:25] [xzVzy#5] CavalinhoOriginal: disconnected (Foste expulso do servidor por inatividade.)
[08:10:29] [xzVzy#7] Goncas: joined with identifiers [steam:11000015ad6220a; license:4004e1e434947816f0acdd501e584f1910e6e592; discord:774580873982378005; license2:4004e1e434947816f0acdd501e584f1910e6e592]
[08:25:00] [xzVzy#8] BOT Ragnar: joined with identifiers [steam:1100001122fe7f0; license:197e1dfb5669aa7457cf75f13086d3437fea4347; xbl:2535432578918573; live:914801617362406; discord:285425535025152001; license2:197e1dfb5669aa7457cf75f13086d3437fea4347]
[08:26:46] [xzVzy#9] BOT Debby: joined with identifiers [steam:110000107b2bc36; license:449fc8962bc50cd72bfae07991214fa55e847fc4; xbl:2535456942651446; live:1055521998914246; discord:259858638468808704; license2:449fc8962bc50cd72bfae07991214fa55e847fc4]
[08:28:27] [xzVzy#10] doodllez_TTV: joined with identifiers [steam:110000109c92073; license:1cadd20a119cefa4b14ac06dfd26273ee76c470e; xbl:2535450128187403; live:1759222521559603; discord:1040493373187952670; fivem:10371137; license2:670ae25f144371c0b79b132026bbcb3dd26205a7]
[08:32:46] [xzVzy#11] 🖤jonh shelby🤍: joined with identifiers [steam:11000011c6bf4e2; license:b50a20a8b8e88367a206448f42aa2f6a1c42a5b5; discord:792441786085539861; license2:b50a20a8b8e88367a206448f42aa2f6a1c42a5b5]
[08:46:13] [xzVzy#12] Scream_Succesor: joined with identifiers [steam:110000106216cff; license:878c1205f0b17c55e54bac2dafffbfecfb424eda; live:985154977728566; discord:1033353831054057613; license2:2a26ee460b240726d5c089ce1fe4565f6bec1eb6]
[09:19:39] [xzVzy#12] Scream_Succesor: disconnected (Exiting)
[09:24:49] [xzVzy#11] 🖤jonh shelby🤍: disconnected (Exiting)
[09:31:33] [xzVzy#13] l: joined with identifiers [steam:11000015a43c97d; license:1cadd20a119cefa4b14ac06dfd26273ee76c470e; live:1899946011998251; discord:871604562090414141; fivem:10371137; license2:670ae25f144371c0b79b132026bbcb3dd26205a7]
[09:35:33] [xzVzy#7] Goncas: disconnected (Server->client connection timed out. Last seen 2075 msec ago.)
[09:38:08] [xzVzy#14] Goncas: joined with identifiers [steam:11000015ad6220a; license:4004e1e434947816f0acdd501e584f1910e6e592; discord:774580873982378005; license2:4004e1e434947816f0acdd501e584f1910e6e592]
[09:48:20] [xzVzy#15] FilipeNV1: joined with identifiers [steam:1100001333ecadf; license:7e92d3099c6cb87c974ef661848eb18ef7da3c6a; xbl:2535450480764937; live:844425483104027; discord:505322792582119424; license2:7e92d3099c6cb87c974ef661848eb18ef7da3c6a]
[09:49:33] [xzVzy#16] ★BeNtO★: joined with identifiers [steam:11000014a00c4a0; license:9614f7ae25d3472a6cf3d6715da107d641096b48; discord:483996309188247564; fivem:3126522; license2:9614f7ae25d3472a6cf3d6715da107d641096b48]
[09:51:23] [xzVzy#16] ★BeNtO★: disconnected (Exiting)
[09:52:41] [xzVzy#17] 🖤jonh shelby🤍: joined with identifiers [steam:11000011c6bf4e2; license:b50a20a8b8e88367a206448f42aa2f6a1c42a5b5; discord:792441786085539861; license2:b50a20a8b8e88367a206448f42aa2f6a1c42a5b5]
[09:54:54] [xzVzy#17] 🖤jonh shelby🤍: said "/~fps on"
[09:59:04] [xzVzy#18] andosof: joined with identifiers [steam:1100001321f6903; license:d447540d0e889653417d35b943322c990df7ade2; xbl:2535444347437426; live:844425636004922; discord:700830448934453359; license2:d447540d0e889653417d35b943322c990df7ade2]
[10:03:16] [xzVzy#19] ★BeNtO★: joined with identifiers [steam:11000014a00c4a0; license:9614f7ae25d3472a6cf3d6715da107d641096b48; discord:483996309188247564; fivem:3126522; license2:9614f7ae25d3472a6cf3d6715da107d641096b48]
[10:06:25] [xzVzy#19] ★BeNtO★: said "/steal"
[10:07:49] [xzVzy#20] RodrigoRx: joined with identifiers [steam:110000146e4b21f; license:6b9d03f4e0b334e700b9989ae3cf1e0e844d1e12; xbl:2535419068184456; live:914798584794350; discord:735100536579162154; license2:6b9d03f4e0b334e700b9989ae3cf1e0e844d1e12]
[10:08:04] [xzVzy#21] AGUIAR: joined with identifiers [steam:110000158933cbb; license:69ba377533590cd9f715568d69deabb06ad07e09; xbl:2535473413628199; live:1829581552933645; discord:1054788648312246454; license2:69ba377533590cd9f715568d69deabb06ad07e09]
[10:08:53] [xzVzy#19] ★BeNtO★: said "/steal"
[10:09:17] [xzVzy#19] ★BeNtO★: said "/steal"
[10:11:04] [xzVzy#19] ★BeNtO★: said "/steal"
[10:11:10] [xzVzy#22] Alvesx: joined with identifiers [steam:1100001480ee0f4; license:6787e648f93ff38567cd06898be945cfcf3cc8f6; xbl:2535437944323760; live:1055518311014988; discord:485791627630084096; license2:6787e648f93ff38567cd06898be945cfcf3cc8f6]
[10:11:29] [xzVzy#19] ★BeNtO★: said "/steal"
[10:11:32] [xzVzy#19] ★BeNtO★: said "/steal"
[10:14:19] [xzVzy#19] ★BeNtO★: said "/steal"
[10:14:28] [xzVzy#17] 🖤jonh shelby🤍: disconnected (Server->client connection timed out. Last seen 39063 msec ago.)
[10:15:15] [xzVzy#23] Joao Sapateiro: joined with identifiers [steam:11000013c3c223b; license:33d6b3b736afe302f56d2d53127b4fdeefb37737; xbl:2535413329464265; live:985154339452370; discord:903732872047919114; fivem:792682; license2:631f55701017bd93264ea2c242986d25be2477c3]
[10:15:33] [xzVzy#18] andosof: disconnected (Exiting)
[10:15:43] [xzVzy#24] ze totas: joined with identifiers [steam:110000148d9d45a; license:0cd3425181af9c8725412a0bd289740dfad2f197; xbl:2535458662528296; live:844425911040004; discord:642734498592587780; license2:0cd3425181af9c8725412a0bd289740dfad2f197]
[10:16:33] [xzVzy#25] andosof: joined with identifiers [steam:1100001321f6903; license:d447540d0e889653417d35b943322c990df7ade2; xbl:2535444347437426; live:844425636004922; discord:700830448934453359; license2:d447540d0e889653417d35b943322c990df7ade2]
[10:17:04] [xzVzy#21] AGUIAR: disconnected (Olá AGUIAR	)
[10:17:09] [xzVzy#20] RodrigoRx: disconnected (Exiting)
[10:17:24] [xzVzy#26] Noxsy: joined with identifiers [steam:11000013e5c1236; license:7fb3ef371ec4f1d8efd7caf7f6f108d70be656b3; xbl:2535450884863424; live:844426212123326; discord:500320476862873600; license2:c6dda3022c108ab40f7d91b17dfb047feb531754]
[10:18:45] [xzVzy#27] RodrigoRx: joined with identifiers [steam:110000146e4b21f; license:6b9d03f4e0b334e700b9989ae3cf1e0e844d1e12; xbl:2535419068184456; live:914798584794350; discord:735100536579162154; license2:6b9d03f4e0b334e700b9989ae3cf1e0e844d1e12]
[10:19:16] [xzVzy#28] AGUIAR: joined with identifiers [steam:110000158933cbb; license:69ba377533590cd9f715568d69deabb06ad07e09; xbl:2535473413628199; live:1829581552933645; discord:1054788648312246454; license2:69ba377533590cd9f715568d69deabb06ad07e09]
[10:20:23] [xzVzy#23] Joao Sapateiro: said "/pegar"
[10:20:57] [xzVzy#26] Noxsy: said "/pegar"
[10:21:38] [xzVzy#26] Noxsy: disconnected (Exiting)
[10:22:20] [xzVzy#29] Noxsy: joined with identifiers [steam:11000013e5c1236; license:7fb3ef371ec4f1d8efd7caf7f6f108d70be656b3; xbl:2535450884863424; live:844426212123326; discord:500320476862873600; license2:c6dda3022c108ab40f7d91b17dfb047feb531754]
[10:22:32] [xzVzy#30] 🖤jonh shelby🤍: joined with identifiers [steam:11000011c6bf4e2; license:b50a20a8b8e88367a206448f42aa2f6a1c42a5b5; discord:792441786085539861; license2:b50a20a8b8e88367a206448f42aa2f6a1c42a5b5]
[10:23:38] [xzVzy#22] Alvesx: said "/ds"
[10:24:10] [xzVzy#22] Alvesx: died from Assault Rifle by Joao Sapateiro
[10:24:11] [xzVzy#27] RodrigoRx: died from Assault Rifle by Joao Sapateiro
[10:24:25] [xzVzy#28] AGUIAR: died from Assault Rifle by Joao Sapateiro
[10:24:33] [xzVzy#24] ze totas: said "/pegar"
[10:24:33] [xzVzy#29] Noxsy: said "/pegar"
[10:24:35] [xzVzy#29] Noxsy: said "/carregaer"
[10:24:57] [xzVzy#29] Noxsy: said "/pegar"
[10:25:44] [xzVzy#19] ★BeNtO★: said "/steal"
[10:26:04] [xzVzy#22] Alvesx: said "/id"
[10:26:16] [xzVzy#23] Joao Sapateiro: disconnected (Olá Joao Sapateiro	)
[10:27:10] [xzVzy#31] Joao Sapateiro: joined with identifiers [steam:11000013c3c223b; license:33d6b3b736afe302f56d2d53127b4fdeefb37737; xbl:2535413329464265; live:985154339452370; discord:903732872047919114; fivem:792682; license2:631f55701017bd93264ea2c242986d25be2477c3]
[10:27:35] [xzVzy#27] RodrigoRx: disconnected (Exiting)
[10:28:05] [xzVzy#28] AGUIAR: died from Fist by Noxsy
[10:28:09] [xzVzy#24] ze totas: disconnected (Exiting)
[10:28:26] [xzVzy#28] AGUIAR: disconnected (Exiting)
[10:28:32] [xzVzy#22] Alvesx: disconnected (Exiting)
[10:28:45] [xzVzy#32] ze totas: joined with identifiers [steam:110000148d9d45a; license:0cd3425181af9c8725412a0bd289740dfad2f197; xbl:2535458662528296; live:844425911040004; discord:642734498592587780; license2:0cd3425181af9c8725412a0bd289740dfad2f197]
[10:30:14] [xzVzy#32] ze totas: said "/pegar"
[10:30:16] [xzVzy#32] ze totas: said "/pegar"
[10:30:17] [xzVzy#31] Joao Sapateiro: said "/carregare"
[10:31:27] [xzVzy#30] 🖤jonh shelby🤍: died from MG by Joao Sapateiro
[10:31:36] [xzVzy#32] ze totas: said "/roubar"
[10:31:41] [xzVzy#32] ze totas: said "/assaltar"
[10:34:35] [xzVzy#25] andosof: died from suicide (Falling)
[10:36:19] [xzVzy#32] ze totas: died from suicide (Falling)
[10:36:29] [xzVzy#32] ze totas: said "/pegar"
[10:36:30] [xzVzy#29] Noxsy: died from suicide (Falling)
[10:37:47] [xzVzy#29] Noxsy: disconnected (Exiting)
[10:39:03] [xzVzy#33] Noxsy: joined with identifiers [steam:11000013e5c1236; license:7fb3ef371ec4f1d8efd7caf7f6f108d70be656b3; xbl:2535450884863424; live:844426212123326; discord:500320476862873600; license2:c6dda3022c108ab40f7d91b17dfb047feb531754]
[10:40:05] [xzVzy#33] Noxsy: died from suicide (Falling)
[10:41:34] [xzVzy#30] 🖤jonh shelby🤍: died from MG by Joao Sapateiro
[10:43:24] [xzVzy#33] Noxsy: said "/pegar"
[10:43:24] [xzVzy#33] Noxsy: said "/pegar"
[10:44:29] [xzVzy#33] Noxsy: died from suicide
[10:46:18] [xzVzy#19] ★BeNtO★: disconnected (Foste expulso do servidor por inatividade.)
[10:46:47] [xzVzy#25] andosof: died from Micro SMG by Joao Sapateiro
[10:48:18] [xzVzy#33] Noxsy: said "/pegar"
[10:48:20] [xzVzy#33] Noxsy: said "/carrega"
[10:50:34] [xzVzy#34] -OlivS -Taz: joined with identifiers [steam:11000010b53f4e3; license:7f09cec9b4b5c2200bb72e7eaf77d3fcd0a1f979; xbl:2535450016987964; live:1829582321374029; discord:194168006077710336; fivem:1258634; license2:4018060e080e5d4081a5c5bae758194ce50a529f]
[10:51:10] [xzVzy#32] ze totas: disconnected (Exiting)
[10:52:08] [xzVzy#30] 🖤jonh shelby🤍: died from Micro SMG by Joao Sapateiro
[10:52:19] [xzVzy#31] Joao Sapateiro: disconnected (	- BanID: 138107)
[10:53:15] [xzVzy#13] l: died from suicide (Falling)
[10:54:05] [xzVzy#33] Noxsy: died from Fist by 🖤jonh shelby🤍
[10:54:14] [xzVzy#35] Scream_Succesor: joined with identifiers [steam:110000106216cff; license:878c1205f0b17c55e54bac2dafffbfecfb424eda; live:985154977728566; discord:1033353831054057613; license2:2a26ee460b240726d5c089ce1fe4565f6bec1eb6]
[10:55:10] [xzVzy#36] CavalinhoOriginal: joined with identifiers [steam:11000011d2110af; license:aa5dcfa3a832b3f3582a1346d97927bc92fb0911; xbl:2535421323545650; live:844425773221331; discord:691024898339897345; fivem:7092278; license2:aa5dcfa3a832b3f3582a1346d97927bc92fb0911]
[10:55:37] [xzVzy#33] Noxsy: disconnected ([txAdmin] (jjesuspt_25) Você foi permanentemente banido deste servidor por "adeus".)
[10:56:18] [xzVzy#36] CavalinhoOriginal: died from suicide (Falling)
[10:56:59] [xzVzy#9] BOT Debby: died from suicide (Falling)
[10:57:50] [xzVzy#25] andosof: disconnected (Exiting)
[11:00:20] [xzVzy#37] andosof: joined with identifiers [steam:1100001321f6903; license:d447540d0e889653417d35b943322c990df7ade2; xbl:2535444347437426; live:844425636004922; discord:700830448934453359; license2:d447540d0e889653417d35b943322c990df7ade2]
[11:01:04] [xzVzy#30] 🖤jonh shelby🤍: disconnected (Exiting)
[11:03:01] [xzVzy#38] 🖤jonh shelby🤍: joined with identifiers [steam:11000011c6bf4e2; license:b50a20a8b8e88367a206448f42aa2f6a1c42a5b5; discord:792441786085539861; license2:b50a20a8b8e88367a206448f42aa2f6a1c42a5b5]
[11:03:22] [xzVzy#39] ★BeNtO★: joined with identifiers [steam:11000014a00c4a0; license:9614f7ae25d3472a6cf3d6715da107d641096b48; discord:483996309188247564; fivem:3126522; license2:9614f7ae25d3472a6cf3d6715da107d641096b48]
[11:04:49] [xzVzy#14] Goncas: disconnected (Exiting)
[11:05:01] [xzVzy#39] ★BeNtO★: said "/steal"
[11:05:02] [xzVzy#39] ★BeNtO★: said "/steal"
[11:05:02] [xzVzy#39] ★BeNtO★: said "/steal"
[11:05:13] [xzVzy#39] ★BeNtO★: said "/steal"
[11:05:39] [xzVzy#36] CavalinhoOriginal: said "/FOX"
[11:05:40] [xzVzy#36] CavalinhoOriginal: said "/FI"
[11:07:47] [xzVzy#40] ɦiรu: joined with identifiers [steam:11000013e90515d; license:76b2cb57ff50417443eb75e4a597f6ffe34a6e27; discord:586679416315314176; fivem:10314966; license2:76b2cb57ff50417443eb75e4a597f6ffe34a6e27]
[11:08:10] [xzVzy#38] 🖤jonh shelby🤍: said "/roubar"
[11:08:25] [xzVzy#34] -OlivS -Taz: disconnected (Exiting)
[11:08:42] [xzVzy#41] -OlivS -Taz: joined with identifiers [steam:11000010b53f4e3; license:7f09cec9b4b5c2200bb72e7eaf77d3fcd0a1f979; xbl:2535450016987964; live:1829582321374029; discord:194168006077710336; fivem:1258634; license2:4018060e080e5d4081a5c5bae758194ce50a529f]
[11:14:40] [xzVzy#42] SNM Blackzz: joined with identifiers [steam:11000015c2ff8d3; license:f09c3252f744f59c594af80bf081274a3a5f6b7c; xbl:2535437119562486; live:1688853952557558; discord:596037400153817099; fivem:10582504; license2:f09c3252f744f59c594af80bf081274a3a5f6b7c]
[11:18:05] [xzVzy#42] SNM Blackzz: disconnected (Exiting)
[11:18:55] [xzVzy#37] andosof: said "/rebocar~"
[11:23:52] [xzVzy#35] Scream_Succesor: said "/openinventory 39"
[11:26:25] [xzVzy#8] BOT Ragnar: disconnected (Saiu)
[11:30:54] txAdmin: ((Broadcast) txAdmin): said "Este servidor está agendado para reiniciar em 30 minutos."
[11:31:29] [xzVzy#15] FilipeNV1: disconnected (Foste expulso do servidor por inatividade.)
[11:35:48] [xzVzy#41] -OlivS -Taz: disconnected (Exiting)
[11:36:55] [xzVzy#38] 🖤jonh shelby🤍: said "/revistar"
[11:40:11] [xzVzy#36] CavalinhoOriginal: disconnected (Foste expulso do servidor por inatividade.)
[11:42:56] [xzVzy#37] andosof: disconnected (Exiting)
[11:45:16] [xzVzy#43] yauzz: joined with identifiers [steam:1100001420682b2; license:ebca91e127007bc5d4173074d7f3620e21712ae8; xbl:2535446750507743; live:844429058684780; discord:706322100557971568; license2:ebca91e127007bc5d4173074d7f3620e21712ae8]
[11:45:54] txAdmin: ((Broadcast) txAdmin): said "Este servidor está agendado para reiniciar em 15 minutos."
[11:48:11] [xzVzy#43] yauzz: disconnected (Exiting)
[11:50:12] [xzVzy#40] ɦiรu: disconnected (Saiu)
[11:50:53] txAdmin: ((Broadcast) txAdmin): said "Este servidor está agendado para reiniciar em 10 minutos."
[11:52:06] [xzVzy#44] martim: joined with identifiers [steam:1100001409689e6; license:05568f7c771af7ec55178042d9e046d06f95bf7f; xbl:2535416754135209; live:914798226076111; discord:920785112692555806; license2:05568f7c771af7ec55178042d9e046d06f95bf7f]
[11:54:46] [xzVzy#39] ★BeNtO★: disconnected (Exiting)
[11:54:51] [xzVzy#10] doodllez_TTV: disconnected (Exiting)
[11:54:54] [xzVzy#9] BOT Debby: disconnected (Exiting)
[11:55:13] [xzVzy#13] l: disconnected (Saiu)
[11:55:53] txAdmin: ((Broadcast) txAdmin): said "Este servidor está agendado para reiniciar em 5 minutos."
[11:56:54] txAdmin: ((Broadcast) txAdmin): said "Este servidor está agendado para reiniciar em 4 minutos."
[11:57:54] txAdmin: ((Broadcast) txAdmin): said "Este servidor está agendado para reiniciar em 3 minutos."
[11:58:54] txAdmin: ((Broadcast) txAdmin): said "Este servidor está agendado para reiniciar em 2 minutos."
[11:59:54] txAdmin: ((Broadcast) txAdmin): said "Este servidor está agendado para reiniciar em 1 minuto. Por favor se disconecte agora."
[12:00:09] [xzVzy#44] martim: disconnected (Exiting)
[12:00:12] [xzVzy#35] Scream_Succesor: disconnected (Exiting)
[12:00:43] [xzVzy#38] 🖤jonh shelby🤍: disconnected (Exiting)
[12:05:51] txAdmin: Logger started
[12:06:30] [3Lh77#1] -OlivS -Taz: joined with identifiers [steam:11000010b53f4e3; license:7f09cec9b4b5c2200bb72e7eaf77d3fcd0a1f979; xbl:2535450016987964; live:1829582321374029; discord:194168006077710336; fivem:1258634; license2:4018060e080e5d4081a5c5bae758194ce50a529f]
[12:08:34] [3Lh77#1] -OlivS -Taz: disconnected (Exiting)
[13:31:42] [3Lh77#2] CavalinhoOriginal: joined with identifiers [steam:11000011d2110af; license:aa5dcfa3a832b3f3582a1346d97927bc92fb0911; xbl:2535421323545650; live:844425773221331; discord:691024898339897345; fivem:7092278; license2:aa5dcfa3a832b3f3582a1346d97927bc92fb0911]
[13:47:17] [3Lh77#3] martim: joined with identifiers [steam:1100001409689e6; license:05568f7c771af7ec55178042d9e046d06f95bf7f; xbl:2535416754135209; live:914798226076111; discord:920785112692555806; license2:05568f7c771af7ec55178042d9e046d06f95bf7f]
[13:48:14] [3Lh77#3] martim: disconnected (Exiting)
[13:48:58] [3Lh77#4] martim: joined with identifiers [steam:1100001409689e6; license:05568f7c771af7ec55178042d9e046d06f95bf7f; xbl:2535416754135209; live:914798226076111; discord:920785112692555806; license2:05568f7c771af7ec55178042d9e046d06f95bf7f]
[13:58:26] [3Lh77#5] Goncas: joined with identifiers [steam:11000015ad6220a; license:4004e1e434947816f0acdd501e584f1910e6e592; discord:774580873982378005; license2:4004e1e434947816f0acdd501e584f1910e6e592]
[14:04:47] [3Lh77#5] Goncas: disconnected (Exiting)
[14:08:41] [3Lh77#2] CavalinhoOriginal: disconnected (Exiting)
[14:13:27] [3Lh77#4] martim: disconnected (Exiting)
[14:30:24] [3Lh77#6] Miguel_0504: joined with identifiers [steam:110000139d76be8; license:b7d4fe68eaa84b8578ee2023a99678cd8d165fa3; discord:704448919937089647; license2:b7d4fe68eaa84b8578ee2023a99678cd8d165fa3]
[14:32:14] [3Lh77#6] Miguel_0504: disconnected (Exiting)
[18:30:02] txAdmin: ((Broadcast) txAdmin): said "Este servidor está agendado para reiniciar em 30 minutos."
[18:45:02] txAdmin: ((Broadcast) txAdmin): said "Este servidor está agendado para reiniciar em 15 minutos."
[18:50:02] txAdmin: ((Broadcast) txAdmin): said "Este servidor está agendado para reiniciar em 10 minutos."
[18:55:03] txAdmin: ((Broadcast) txAdmin): said "Este servidor está agendado para reiniciar em 5 minutos."
[18:56:03] txAdmin: ((Broadcast) txAdmin): said "Este servidor está agendado para reiniciar em 4 minutos."
[18:57:02] txAdmin: ((Broadcast) txAdmin): said "Este servidor está agendado para reiniciar em 3 minutos."
[18:58:02] txAdmin: ((Broadcast) txAdmin): said "Este servidor está agendado para reiniciar em 2 minutos."
[18:59:03] txAdmin: ((Broadcast) txAdmin): said "Este servidor está agendado para reiniciar em 1 minuto. Por favor se disconecte agora."
[19:00:41] txAdmin: Logger started
