
================================================================
======== Log Rotated - 25/05/2023, 00:00:00                     
================================================================
[01:47:02] [GpNaC#3] doodllez_TTV: joined with identifiers [steam:110000109c92073; license:1cadd20a119cefa4b14ac06dfd26273ee76c470e; xbl:2535450128187403; live:1759222521559603; discord:1040493373187952670; fivem:10371137; license2:670ae25f144371c0b79b132026bbcb3dd26205a7]
[02:38:34] [GpNaC#4] Lowayy: joined with identifiers [steam:11000013dd7ead4; license:62d1bd218da0abd68903447fe683af427261b1ee; xbl:2535446148329355; live:844425293539540; fivem:1441136; license2:62d1bd218da0abd68903447fe683af427261b1ee]
[02:48:54] [GpNaC#4] Lowayy: disconnected (Exiting)
[02:49:04] [GpNaC#5] BOT Ragnar: joined with identifiers [steam:1100001122fe7f0; license:197e1dfb5669aa7457cf75f13086d3437fea4347; xbl:2535432578918573; live:914801617362406; discord:285425535025152001; license2:197e1dfb5669aa7457cf75f13086d3437fea4347]
[02:50:16] [GpNaC#5] BOT Ragnar: disconnected (Game crashed: Recursive error: Failed to call inflate() for streaming file compcache:/Johnny_Carros/cyph_seats_f+hifr.ytd.)
[02:50:39] [GpNaC#6] Lowayy: joined with identifiers [steam:11000013dd7ead4; license:62d1bd218da0abd68903447fe683af427261b1ee; xbl:2535446148329355; live:844425293539540; fivem:1441136; license2:62d1bd218da0abd68903447fe683af427261b1ee]
[02:51:20] [GpNaC#7] BOT Ragnar: joined with identifiers [steam:1100001122fe7f0; license:197e1dfb5669aa7457cf75f13086d3437fea4347; xbl:2535432578918573; live:914801617362406; discord:285425535025152001; license2:197e1dfb5669aa7457cf75f13086d3437fea4347]
[02:51:52] [GpNaC#7] BOT Ragnar: disconnected (Game crashed: Failed to call inflate() for streaming file compcache:/Johnny_Carros/cyph_seats_f+hifr.ytd.)
[02:52:31] [GpNaC#8] BOT Ragnar: joined with identifiers [steam:1100001122fe7f0; license:197e1dfb5669aa7457cf75f13086d3437fea4347; xbl:2535432578918573; live:914801617362406; discord:285425535025152001; license2:197e1dfb5669aa7457cf75f13086d3437fea4347]
[02:53:02] [GpNaC#8] BOT Ragnar: disconnected (Game crashed: GTA5_b2802.exe!sub_1412EA1B8 (0x1c9))
[02:55:27] [GpNaC#9] BOT Ragnar: joined with identifiers [steam:1100001122fe7f0; license:197e1dfb5669aa7457cf75f13086d3437fea4347; xbl:2535432578918573; live:914801617362406; discord:285425535025152001; license2:197e1dfb5669aa7457cf75f13086d3437fea4347]
[03:02:55] [GpNaC#10] Ritler: joined with identifiers [steam:11000013d1ac0d5; license:7c704940aaa9cf1740ed76902902e9167a747c30; xbl:2535426704982838; live:1759222882249944; discord:614230679462477824; fivem:3383105; license2:7c704940aaa9cf1740ed76902902e9167a747c30]
[03:07:20] [GpNaC#6] Lowayy: died from Mini SMG by Ritler
[03:07:31] [GpNaC#6] Lowayy: died from Mini SMG by Ritler
[03:07:54] [GpNaC#10] Ritler: died from Combat Pistol by Lowayy
[03:10:57] [GpNaC#6] Lowayy: died from Revolver by Ritler
[03:13:22] [GpNaC#10] Ritler: died from suicide (Falling)
[03:14:31] [GpNaC#6] Lowayy: disconnected (Exiting)
[03:15:23] [GpNaC#10] Ritler: caused an explosion (PLANE)
[03:16:30] [GpNaC#9] BOT Ragnar: disconnected (Saiu)
[03:16:58] [GpNaC#10] Ritler: disconnected (Exiting)
[03:30:43] txAdmin: ((Broadcast) txAdmin): said "Este servidor está agendado para reiniciar em 30 minutos."
[03:40:56] [GpNaC#11] ligma: joined with identifiers [steam:11000010812c905; license:6ba52cda982222da3b8f75ad93017348a9f4898c; xbl:2535451697426040; live:1829582460936138; discord:264431255410442242; license2:6ba52cda982222da3b8f75ad93017348a9f4898c]
[03:41:43] [GpNaC#12] slave: joined with identifiers [steam:1100001145deb64; license:e4655a6ed53e2829109b5615f1ba035f9eb49074; xbl:2535454007531004; live:1055522549696115; discord:401489631364775936; fivem:1876370; license2:c55d2821801396205ac606d9b67b5b64d949dd6f]
[03:45:04] [GpNaC#13] TIMI: joined with identifiers [steam:11000010e7a5b73; license:f2e2b9943e95d4d1625574833ef556e3a5beeaab; xbl:2535423066443976; live:844425531110109; discord:318741320925577217; license2:f2e2b9943e95d4d1625574833ef556e3a5beeaab]
[03:45:43] txAdmin: ((Broadcast) txAdmin): said "Este servidor está agendado para reiniciar em 15 minutos."
[03:50:44] txAdmin: ((Broadcast) txAdmin): said "Este servidor está agendado para reiniciar em 10 minutos."
[03:55:44] txAdmin: ((Broadcast) txAdmin): said "Este servidor está agendado para reiniciar em 5 minutos."
[03:56:44] txAdmin: ((Broadcast) txAdmin): said "Este servidor está agendado para reiniciar em 4 minutos."
[03:56:48] [GpNaC#3] doodllez_TTV: disconnected (Exiting)
[03:57:43] txAdmin: ((Broadcast) txAdmin): said "Este servidor está agendado para reiniciar em 3 minutos."
[03:57:51] [GpNaC#13] TIMI: disconnected (Exiting)
[03:58:21] [GpNaC#11] ligma: disconnected (Exiting)
[03:58:44] txAdmin: ((Broadcast) txAdmin): said "Este servidor está agendado para reiniciar em 2 minutos."
[03:59:44] txAdmin: ((Broadcast) txAdmin): said "Este servidor está agendado para reiniciar em 1 minuto. Por favor se disconecte agora."
[03:59:58] [GpNaC#12] slave: disconnected (Exiting)
[04:05:46] txAdmin: Logger started
[04:41:04] [9HGUq#1] Jotaa: joined with identifiers [steam:110000114ac65a8; license:0b2d52274e156d09ce0d248eca58e706591d1237; xbl:2535425565579350; live:844426043700398; discord:410555884134072320; fivem:4447679; license2:0b2d52274e156d09ce0d248eca58e706591d1237]
[04:54:26] [9HGUq#1] Jotaa: disconnected (Exiting)
[05:00:57] [9HGUq#2] ★BeNtO★: joined with identifiers [steam:11000014a00c4a0; license:9614f7ae25d3472a6cf3d6715da107d641096b48; discord:483996309188247564; fivem:3126522; license2:9614f7ae25d3472a6cf3d6715da107d641096b48]
[05:01:02] [9HGUq#2] ★BeNtO★: disconnected (Exiting)
[05:32:31] [9HGUq#3] BOT Ragnar: joined with identifiers [steam:1100001122fe7f0; license:197e1dfb5669aa7457cf75f13086d3437fea4347; xbl:2535432578918573; live:914801617362406; discord:285425535025152001; license2:197e1dfb5669aa7457cf75f13086d3437fea4347]
[05:32:54] [9HGUq#4] doodllez_TTV: joined with identifiers [steam:110000109c92073; license:1cadd20a119cefa4b14ac06dfd26273ee76c470e; xbl:2535450128187403; live:1759222521559603; discord:1040493373187952670; fivem:10371137; license2:670ae25f144371c0b79b132026bbcb3dd26205a7]
[05:53:00] [9HGUq#3] BOT Ragnar: disconnected (Saiu)
[06:07:40] [9HGUq#4] doodllez_TTV: disconnected (Foste expulso do servidor por inatividade.)
[06:34:28] [9HGUq#5] doodllez_TTV: joined with identifiers [steam:110000109c92073; license:1cadd20a119cefa4b14ac06dfd26273ee76c470e; xbl:2535450128187403; live:1759222521559603; discord:1040493373187952670; fivem:10371137; license2:670ae25f144371c0b79b132026bbcb3dd26205a7]
[06:37:59] [9HGUq#6] ★BeNtO★: joined with identifiers [steam:11000014a00c4a0; license:9614f7ae25d3472a6cf3d6715da107d641096b48; discord:483996309188247564; fivem:3126522; license2:9614f7ae25d3472a6cf3d6715da107d641096b48]
[06:39:35] [9HGUq#6] ★BeNtO★: disconnected (Exiting)
[06:40:17] [9HGUq#7] ★BeNtO★: joined with identifiers [steam:11000014a00c4a0; license:9614f7ae25d3472a6cf3d6715da107d641096b48; discord:483996309188247564; fivem:3126522; license2:9614f7ae25d3472a6cf3d6715da107d641096b48]
[06:43:48] [9HGUq#5] doodllez_TTV: disconnected (Exiting)
[08:05:42] [9HGUq#8] Deide Costa: joined with identifiers [steam:11000011acd7446; license:a846c2157718d149f6e0414cf5a049db328bb026; xbl:2535472544838373; live:985154697849764; discord:462340815977447468; license2:a846c2157718d149f6e0414cf5a049db328bb026]
[08:16:12] [9HGUq#8] Deide Costa: disconnected (Exiting)
[08:22:47] [9HGUq#7] ★BeNtO★: disconnected (Exiting)
[08:27:20] [9HGUq#9] Lowayy: joined with identifiers [steam:11000013dd7ead4; license:62d1bd218da0abd68903447fe683af427261b1ee; xbl:2535446148329355; live:844425293539540; discord:465122277760040960; fivem:1441136; license2:62d1bd218da0abd68903447fe683af427261b1ee]
[08:34:59] [9HGUq#10] SNM Blackzz: joined with identifiers [steam:11000015c2ff8d3; license:f09c3252f744f59c594af80bf081274a3a5f6b7c; xbl:2535437119562486; live:1688853952557558; discord:596037400153817099; fivem:10582504; license2:f09c3252f744f59c594af80bf081274a3a5f6b7c]
[08:35:44] [9HGUq#10] SNM Blackzz: died from suicide (Falling)
[08:35:54] [9HGUq#10] SNM Blackzz: disconnected (Exiting)
[08:36:19] [9HGUq#11] SNM Blackzz: joined with identifiers [steam:11000015c2ff8d3; license:f09c3252f744f59c594af80bf081274a3a5f6b7c; xbl:2535437119562486; live:1688853952557558; discord:596037400153817099; fivem:10582504; license2:f09c3252f744f59c594af80bf081274a3a5f6b7c]
[08:37:03] [9HGUq#11] SNM Blackzz: died from suicide (Falling)
[08:39:35] [9HGUq#12] ric: joined with identifiers [steam:11000014701bb3d; license:3ddd3b99ad8d7930600e2d65eefed88142124b4e; xbl:2535436686248056; live:1055518939742465; discord:478836821963571200; license2:3ddd3b99ad8d7930600e2d65eefed88142124b4e]
[08:41:32] [9HGUq#11] SNM Blackzz: disconnected (Exiting)
[08:42:00] [9HGUq#13] SNM Blackzz: joined with identifiers [steam:11000015c2ff8d3; license:f09c3252f744f59c594af80bf081274a3a5f6b7c; xbl:2535437119562486; live:1688853952557558; discord:596037400153817099; fivem:10582504; license2:f09c3252f744f59c594af80bf081274a3a5f6b7c]
[08:42:44] [9HGUq#13] SNM Blackzz: died from suicide (Falling)
[08:48:21] [9HGUq#13] SNM Blackzz: disconnected (Exiting)
[08:48:57] [9HGUq#14] SNM Blackzz: joined with identifiers [steam:11000015c2ff8d3; license:f09c3252f744f59c594af80bf081274a3a5f6b7c; xbl:2535437119562486; live:1688853952557558; discord:596037400153817099; fivem:10582504; license2:f09c3252f744f59c594af80bf081274a3a5f6b7c]
[08:49:42] [9HGUq#14] SNM Blackzz: died from suicide (Falling)
[08:50:39] [9HGUq#15] ★BeNtO★: joined with identifiers [steam:11000014a00c4a0; license:9614f7ae25d3472a6cf3d6715da107d641096b48; discord:483996309188247564; fivem:3126522; license2:9614f7ae25d3472a6cf3d6715da107d641096b48]
[08:55:13] [9HGUq#12] ric: disconnected (Exiting)
[09:01:03] [9HGUq#9] Lowayy: disconnected (Server->client connection timed out. Last seen 41968 msec ago.)
[09:12:19] [9HGUq#16] BOT Ragnar: joined with identifiers [steam:1100001122fe7f0; license:197e1dfb5669aa7457cf75f13086d3437fea4347; xbl:2535432578918573; live:914801617362406; discord:285425535025152001; license2:197e1dfb5669aa7457cf75f13086d3437fea4347]
[09:18:27] [9HGUq#17] ric: joined with identifiers [steam:11000014701bb3d; license:3ddd3b99ad8d7930600e2d65eefed88142124b4e; xbl:2535436686248056; live:1055518939742465; discord:478836821963571200; license2:3ddd3b99ad8d7930600e2d65eefed88142124b4e]
[09:31:53] [9HGUq#18] Lowayy: joined with identifiers [steam:11000013dd7ead4; license:62d1bd218da0abd68903447fe683af427261b1ee; xbl:2535446148329355; live:844425293539540; discord:465122277760040960; fivem:1441136; license2:62d1bd218da0abd68903447fe683af427261b1ee]
[09:34:52] [9HGUq#18] Lowayy: disconnected (Server->client connection timed out. Last seen 53895 msec ago.)
[09:36:40] [9HGUq#19] POUCAS CONVERSAS: joined with identifiers [steam:110000150475a1d; license:299fe8f5bb7e616f1bb0062dc212881f731ead11; discord:979832487234658354; license2:299fe8f5bb7e616f1bb0062dc212881f731ead11]
[09:42:55] [9HGUq#19] POUCAS CONVERSAS: disconnected (Olá POUCAS CONVERSAS	)
[09:43:24] [9HGUq#20] Lowayy: joined with identifiers [steam:11000013dd7ead4; license:62d1bd218da0abd68903447fe683af427261b1ee; xbl:2535446148329355; live:844425293539540; discord:465122277760040960; fivem:1441136; license2:62d1bd218da0abd68903447fe683af427261b1ee]
[09:52:39] [9HGUq#15] ★BeNtO★: said "/steal"
[09:52:41] [9HGUq#15] ★BeNtO★: said "/steal"
[09:52:41] [9HGUq#15] ★BeNtO★: said "/steal"
[09:52:42] [9HGUq#15] ★BeNtO★: said "/steal"
[09:52:42] [9HGUq#15] ★BeNtO★: said "/steal"
[09:52:42] [9HGUq#15] ★BeNtO★: said "/steal"
[09:52:44] [9HGUq#15] ★BeNtO★: said "/steal"
[09:54:42] [9HGUq#15] ★BeNtO★: said "/steal"
[09:56:18] [9HGUq#17] ric: disconnected (Exiting)
[09:56:19] [9HGUq#15] ★BeNtO★: said "/steal"
[09:56:32] [9HGUq#14] SNM Blackzz: disconnected (Exiting)
[09:57:04] [9HGUq#21] SNM Blackzz: joined with identifiers [steam:11000015c2ff8d3; license:f09c3252f744f59c594af80bf081274a3a5f6b7c; xbl:2535437119562486; live:1688853952557558; discord:596037400153817099; fivem:10582504; license2:f09c3252f744f59c594af80bf081274a3a5f6b7c]
[09:57:09] [9HGUq#22] Miguel_0504: joined with identifiers [steam:110000139d76be8; license:b7d4fe68eaa84b8578ee2023a99678cd8d165fa3; discord:704448919937089647; license2:b7d4fe68eaa84b8578ee2023a99678cd8d165fa3]
[09:58:31] [9HGUq#15] ★BeNtO★: said "/steal"
[09:58:56] [9HGUq#23] ric: joined with identifiers [steam:11000014701bb3d; license:3ddd3b99ad8d7930600e2d65eefed88142124b4e; xbl:2535436686248056; live:1055518939742465; discord:478836821963571200; license2:3ddd3b99ad8d7930600e2d65eefed88142124b4e]
[09:59:42] [9HGUq#15] ★BeNtO★: said "/steal"
[10:01:23] [9HGUq#15] ★BeNtO★: said "/steal"
[10:03:57] [9HGUq#15] ★BeNtO★: said "/steal"
[10:05:09] [9HGUq#15] ★BeNtO★: said "/steal"
[10:05:37] [9HGUq#15] ★BeNtO★: said "/steal"
[10:05:41] [9HGUq#15] ★BeNtO★: said "/steal"
[10:06:47] [9HGUq#15] ★BeNtO★: said "/steal"
[10:08:55] [9HGUq#15] ★BeNtO★: said "/steal"
[10:11:10] [9HGUq#15] ★BeNtO★: said "/steal"
[10:12:04] [9HGUq#20] Lowayy: disconnected (Exiting)
[10:12:34] [9HGUq#23] ric: disconnected (Exiting)
[10:12:37] [9HGUq#21] SNM Blackzz: disconnected (Exiting)
[10:12:44] [9HGUq#15] ★BeNtO★: said "/steal"
[10:13:46] [9HGUq#24] Lowayy: joined with identifiers [steam:11000013dd7ead4; license:62d1bd218da0abd68903447fe683af427261b1ee; xbl:2535446148329355; live:844425293539540; discord:465122277760040960; fivem:1441136; license2:62d1bd218da0abd68903447fe683af427261b1ee]
[10:13:51] [9HGUq#25] martim: joined with identifiers [steam:1100001409689e6; license:05568f7c771af7ec55178042d9e046d06f95bf7f; xbl:2535416754135209; live:914798226076111; discord:920785112692555806; license2:05568f7c771af7ec55178042d9e046d06f95bf7f]
[10:14:05] [9HGUq#15] ★BeNtO★: said "/steal"
[10:14:48] [9HGUq#25] martim: disconnected (Exiting)
[10:15:21] [9HGUq#15] ★BeNtO★: said "/steal"
[10:17:58] [9HGUq#15] ★BeNtO★: said "/steal"
[10:18:36] [9HGUq#26] ric: joined with identifiers [steam:11000014701bb3d; license:3ddd3b99ad8d7930600e2d65eefed88142124b4e; xbl:2535436686248056; live:1055518939742465; discord:478836821963571200; license2:3ddd3b99ad8d7930600e2d65eefed88142124b4e]
[10:18:53] [9HGUq#26] ric: disconnected (Exiting)
[10:19:20] [9HGUq#15] ★BeNtO★: said "/steal"
[10:19:20] [9HGUq#15] ★BeNtO★: said "/steal"
[10:19:41] [9HGUq#22] Miguel_0504: disconnected (Foste expulso do servidor por inatividade.)
[10:21:44] [9HGUq#15] ★BeNtO★: said "/steal"
[10:23:10] [9HGUq#15] ★BeNtO★: said "/steal"
[10:24:24] [9HGUq#15] ★BeNtO★: said "/steal"
[10:25:54] [9HGUq#15] ★BeNtO★: said "/steal"
[10:28:45] [9HGUq#24] Lowayy: disconnected (Server->client connection timed out. Last seen 33329 msec ago.)
[10:34:28] [9HGUq#27] Lowayy: joined with identifiers [steam:11000013dd7ead4; license:62d1bd218da0abd68903447fe683af427261b1ee; xbl:2535446148329355; live:844425293539540; discord:465122277760040960; fivem:1441136; license2:62d1bd218da0abd68903447fe683af427261b1ee]
[10:42:08] [9HGUq#28] doodllez_TTV: joined with identifiers [steam:110000109c92073; license:1cadd20a119cefa4b14ac06dfd26273ee76c470e; xbl:2535450128187403; live:1759222521559603; discord:1040493373187952670; fivem:10371137; license2:670ae25f144371c0b79b132026bbcb3dd26205a7]
[10:43:29] [9HGUq#15] ★BeNtO★: disconnected (Exiting)
[10:47:06] [9HGUq#29] Miguel_0504: joined with identifiers [steam:110000139d76be8; license:b7d4fe68eaa84b8578ee2023a99678cd8d165fa3; discord:704448919937089647; license2:b7d4fe68eaa84b8578ee2023a99678cd8d165fa3]
[10:48:02] [9HGUq#29] Miguel_0504: disconnected (Game crashed: GTA5_b2802.exe!sub_14160C194 (0x132))
[10:48:15] [9HGUq#30] ★BeNtO★: joined with identifiers [steam:11000014a00c4a0; license:9614f7ae25d3472a6cf3d6715da107d641096b48; discord:483996309188247564; fivem:3126522; license2:9614f7ae25d3472a6cf3d6715da107d641096b48]
[10:49:15] [9HGUq#31] Miguel_0504: joined with identifiers [steam:110000139d76be8; license:b7d4fe68eaa84b8578ee2023a99678cd8d165fa3; discord:704448919937089647; license2:b7d4fe68eaa84b8578ee2023a99678cd8d165fa3]
[10:53:15] [9HGUq#32] martim: joined with identifiers [steam:1100001409689e6; license:05568f7c771af7ec55178042d9e046d06f95bf7f; xbl:2535416754135209; live:914798226076111; discord:920785112692555806; license2:05568f7c771af7ec55178042d9e046d06f95bf7f]
[10:58:52] [9HGUq#30] ★BeNtO★: disconnected (Exiting)
[10:59:43] [9HGUq#33] ★BeNtO★: joined with identifiers [steam:11000014a00c4a0; license:9614f7ae25d3472a6cf3d6715da107d641096b48; discord:483996309188247564; fivem:3126522; license2:9614f7ae25d3472a6cf3d6715da107d641096b48]
[11:01:17] [9HGUq#32] martim: disconnected (Exiting)
[11:02:05] [9HGUq#33] ★BeNtO★: disconnected (Exiting)
[11:02:30] [9HGUq#34] ric: joined with identifiers [steam:11000014701bb3d; license:3ddd3b99ad8d7930600e2d65eefed88142124b4e; xbl:2535436686248056; live:1055518939742465; discord:478836821963571200; license2:3ddd3b99ad8d7930600e2d65eefed88142124b4e]
[11:04:36] [9HGUq#35] Ritler/nheira: joined with identifiers [steam:11000013d1ac0d5; license:7c704940aaa9cf1740ed76902902e9167a747c30; xbl:2535426704982838; live:1759222882249944; discord:614230679462477824; fivem:3383105; license2:7c704940aaa9cf1740ed76902902e9167a747c30]
[11:07:50] [9HGUq#36] FilipeNV1: joined with identifiers [steam:1100001333ecadf; license:7e92d3099c6cb87c974ef661848eb18ef7da3c6a; xbl:2535450480764937; live:844425483104027; discord:505322792582119424; license2:7e92d3099c6cb87c974ef661848eb18ef7da3c6a]
[11:13:37] [9HGUq#37] MIX: joined with identifiers [steam:1100001146c21b4; license:9c40e463ecd36d134600966124ed1de92f748c35; xbl:2533274881631297; live:914800442835905; discord:296287546906771466; license2:9c40e463ecd36d134600966124ed1de92f748c35]
[11:21:07] [9HGUq#31] Miguel_0504: died from suicide (Falling)
[11:21:25] [9HGUq#31] Miguel_0504: disconnected (Disconnected.)
[11:21:30] [9HGUq#37] MIX: disconnected (Exiting)
[11:22:00] [9HGUq#35] Ritler/nheira: disconnected (Exiting)
[11:23:10] [9HGUq#38] Miguel_0504: joined with identifiers [steam:110000139d76be8; license:b7d4fe68eaa84b8578ee2023a99678cd8d165fa3; discord:704448919937089647; license2:b7d4fe68eaa84b8578ee2023a99678cd8d165fa3]
[11:27:25] [9HGUq#38] Miguel_0504: said "/(QUIT"
[11:27:27] [9HGUq#38] Miguel_0504: disconnected (Exiting)
[11:30:55] txAdmin: ((Broadcast) txAdmin): said "Este servidor está agendado para reiniciar em 30 minutos."
[11:45:56] txAdmin: ((Broadcast) txAdmin): said "Este servidor está agendado para reiniciar em 15 minutos."
[11:46:24] [9HGUq#27] Lowayy: disconnected (Exiting)
[11:50:56] txAdmin: ((Broadcast) txAdmin): said "Este servidor está agendado para reiniciar em 10 minutos."
[11:52:36] [9HGUq#39] ligma: joined with identifiers [steam:11000010812c905; license:6ba52cda982222da3b8f75ad93017348a9f4898c; xbl:2535451697426040; live:1829582460936138; discord:264431255410442242; license2:6ba52cda982222da3b8f75ad93017348a9f4898c]
[11:53:00] [9HGUq#36] FilipeNV1: disconnected (Exiting)
[11:53:02] [9HGUq#34] ric: disconnected (Exiting)
[11:53:53] [9HGUq#16] BOT Ragnar: disconnected (Saiu)
[11:53:55] [9HGUq#28] doodllez_TTV: disconnected (Exiting)
[11:55:30] [9HGUq#40] HeroSlayer: joined with identifiers [steam:110000146d73e9a; license:197e1dfb5669aa7457cf75f13086d3437fea4347; xbl:2535432578918573; live:914801617362406; discord:285425535025152001; license2:197e1dfb5669aa7457cf75f13086d3437fea4347]
[11:55:56] txAdmin: ((Broadcast) txAdmin): said "Este servidor está agendado para reiniciar em 5 minutos."
[11:56:17] [9HGUq#40] HeroSlayer: disconnected (Saiu)
[11:56:46] [9HGUq#41] yauzz: joined with identifiers [steam:1100001420682b2; license:ebca91e127007bc5d4173074d7f3620e21712ae8; xbl:2535446750507743; live:844429058684780; discord:706322100557971568; license2:ebca91e127007bc5d4173074d7f3620e21712ae8]
[11:56:48] [9HGUq#39] ligma: disconnected (Exiting)
[11:56:56] txAdmin: ((Broadcast) txAdmin): said "Este servidor está agendado para reiniciar em 4 minutos."
[11:57:57] txAdmin: ((Broadcast) txAdmin): said "Este servidor está agendado para reiniciar em 3 minutos."
[11:58:56] txAdmin: ((Broadcast) txAdmin): said "Este servidor está agendado para reiniciar em 2 minutos."
[11:59:56] txAdmin: ((Broadcast) txAdmin): said "Este servidor está agendado para reiniciar em 1 minuto. Por favor se disconecte agora."
[12:00:22] [9HGUq#41] yauzz: disconnected (Exiting)
[12:06:37] txAdmin: Logger started
[12:07:13] [dimAX#1] doodllez_TTV: joined with identifiers [steam:110000109c92073; license:1cadd20a119cefa4b14ac06dfd26273ee76c470e; xbl:2535450128187403; live:1759222521559603; discord:1040493373187952670; fivem:10371137; license2:670ae25f144371c0b79b132026bbcb3dd26205a7]
[12:07:49] [dimAX#2] CavalinhoOriginal: joined with identifiers [steam:11000011d2110af; license:aa5dcfa3a832b3f3582a1346d97927bc92fb0911; xbl:2535421323545650; live:844425773221331; discord:691024898339897345; fivem:7092278; license2:aa5dcfa3a832b3f3582a1346d97927bc92fb0911]
[12:07:57] [dimAX#3] HeroSlayer: joined with identifiers [steam:110000146d73e9a; license:197e1dfb5669aa7457cf75f13086d3437fea4347; xbl:2535432578918573; live:914801617362406; discord:285425535025152001; license2:197e1dfb5669aa7457cf75f13086d3437fea4347]
[12:08:27] [dimAX#4] yauzz: joined with identifiers [steam:1100001420682b2; license:ebca91e127007bc5d4173074d7f3620e21712ae8; xbl:2535446750507743; live:844429058684780; discord:706322100557971568; license2:ebca91e127007bc5d4173074d7f3620e21712ae8]
[12:08:39] [dimAX#3] HeroSlayer: disconnected (Saiu)
[12:09:16] [dimAX#5] ligma: joined with identifiers [steam:11000010812c905; license:6ba52cda982222da3b8f75ad93017348a9f4898c; xbl:2535451697426040; live:1829582460936138; discord:264431255410442242; license2:6ba52cda982222da3b8f75ad93017348a9f4898c]
[12:10:23] [dimAX#6] BOT Ragnar: joined with identifiers [steam:1100001122fe7f0; license:197e1dfb5669aa7457cf75f13086d3437fea4347; xbl:2535432578918573; live:914801617362406; discord:285425535025152001; license2:197e1dfb5669aa7457cf75f13086d3437fea4347]
[12:10:43] [dimAX#7] TaDeRibeir0: joined with identifiers [steam:110000112d1a8e4; license:f484c0da18628de9bc81892d628671f6b67ef027; xbl:2535415855155542; live:1759221869768700; discord:297883515859501057; fivem:571871; license2:f484c0da18628de9bc81892d628671f6b67ef027]
[12:10:55] [dimAX#4] yauzz: died from suicide (Ranover by Vehicle)
[12:24:45] [dimAX#2] CavalinhoOriginal: said "/ix"
[12:27:11] [dimAX#4] yauzz: disconnected (Game crashed: GTA5_b2802.exe!sub_1412EA1B8 (0x1c9))
[12:28:27] [dimAX#8] yauzz: joined with identifiers [steam:1100001420682b2; license:ebca91e127007bc5d4173074d7f3620e21712ae8; xbl:2535446750507743; live:844429058684780; discord:706322100557971568; license2:ebca91e127007bc5d4173074d7f3620e21712ae8]
[12:28:32] [dimAX#9] Miguel_0504: joined with identifiers [steam:110000139d76be8; license:b7d4fe68eaa84b8578ee2023a99678cd8d165fa3; discord:704448919937089647; license2:b7d4fe68eaa84b8578ee2023a99678cd8d165fa3]
[12:30:19] [dimAX#9] Miguel_0504: said "/entraradmdin"
[12:31:00] [dimAX#9] Miguel_0504: disconnected (Exiting)
[12:35:21] [dimAX#5] ligma: disconnected (Exiting)
[12:35:30] [dimAX#10] Scream_Succesor: joined with identifiers [steam:110000106216cff; license:878c1205f0b17c55e54bac2dafffbfecfb424eda; live:985154977728566; discord:1033353831054057613; license2:2a26ee460b240726d5c089ce1fe4565f6bec1eb6]
[12:37:50] [dimAX#8] yauzz: disconnected (Exiting)
[12:43:03] [dimAX#11] -OlivS -Taz: joined with identifiers [steam:11000010b53f4e3; license:7f09cec9b4b5c2200bb72e7eaf77d3fcd0a1f979; xbl:2535450016987964; live:1829582321374029; discord:194168006077710336; fivem:1258634; license2:4018060e080e5d4081a5c5bae758194ce50a529f]
[12:43:41] [dimAX#6] BOT Ragnar: disconnected (Saiu)
[12:43:59] [dimAX#7] TaDeRibeir0: disconnected (Exiting)
[12:44:36] [dimAX#12] TaDeRibeir0: joined with identifiers [steam:110000112d1a8e4; license:f484c0da18628de9bc81892d628671f6b67ef027; xbl:2535415855155542; live:1759221869768700; discord:297883515859501057; fivem:571871; license2:f484c0da18628de9bc81892d628671f6b67ef027]
[12:51:36] [dimAX#13] BOT Ragnar: joined with identifiers [steam:1100001122fe7f0; license:197e1dfb5669aa7457cf75f13086d3437fea4347; xbl:2535432578918573; live:914801617362406; discord:285425535025152001; license2:197e1dfb5669aa7457cf75f13086d3437fea4347]
[12:58:06] [dimAX#14] Miguel_0504: joined with identifiers [steam:110000139d76be8; license:b7d4fe68eaa84b8578ee2023a99678cd8d165fa3; discord:704448919937089647; license2:b7d4fe68eaa84b8578ee2023a99678cd8d165fa3]
[12:59:35] [dimAX#14] Miguel_0504: disconnected (Exiting)
[13:01:04] [dimAX#12] TaDeRibeir0: disconnected (Game crashed: Failed to call inflate() for streaming file compcache:/Johnny_Carros/cyph_seats_e2.yft.)
[13:01:54] [dimAX#15] TaDeRibeir0: joined with identifiers [steam:110000112d1a8e4; license:f484c0da18628de9bc81892d628671f6b67ef027; xbl:2535415855155542; live:1759221869768700; discord:297883515859501057; fivem:571871; license2:f484c0da18628de9bc81892d628671f6b67ef027]
[13:20:00] [dimAX#11] -OlivS -Taz: died from suicide (Ranover by Vehicle)
[13:21:52] [dimAX#11] -OlivS -Taz: said "/ix"
[13:25:03] [dimAX#16] ligma: joined with identifiers [steam:11000010812c905; license:6ba52cda982222da3b8f75ad93017348a9f4898c; xbl:2535451697426040; live:1829582460936138; discord:264431255410442242; license2:6ba52cda982222da3b8f75ad93017348a9f4898c]
[13:29:50] [dimAX#11] -OlivS -Taz: said "/v"
[13:29:57] [dimAX#17] 🖤jonh shelby🤍: joined with identifiers [steam:11000011c6bf4e2; license:b50a20a8b8e88367a206448f42aa2f6a1c42a5b5; discord:792441786085539861; license2:b50a20a8b8e88367a206448f42aa2f6a1c42a5b5]
[13:30:00] [dimAX#11] -OlivS -Taz: disconnected (Exiting)
[13:31:20] [dimAX#2] CavalinhoOriginal: disconnected (Exiting)
[13:31:38] [dimAX#10] Scream_Succesor: disconnected (Exiting)
[13:37:20] [dimAX#18] martim: joined with identifiers [steam:1100001409689e6; license:05568f7c771af7ec55178042d9e046d06f95bf7f; xbl:2535416754135209; live:914798226076111; discord:920785112692555806; license2:05568f7c771af7ec55178042d9e046d06f95bf7f]
[13:38:46] [dimAX#18] martim: disconnected (Exiting)
[13:39:25] [dimAX#19] TIMI: joined with identifiers [steam:11000010e7a5b73; license:f2e2b9943e95d4d1625574833ef556e3a5beeaab; xbl:2535423066443976; live:844425531110109; discord:318741320925577217; license2:f2e2b9943e95d4d1625574833ef556e3a5beeaab]
[13:40:49] [dimAX#20] slave: joined with identifiers [steam:1100001145deb64; license:e4655a6ed53e2829109b5615f1ba035f9eb49074; xbl:2535454007531004; live:1055522549696115; discord:401489631364775936; fivem:1876370; license2:c55d2821801396205ac606d9b67b5b64d949dd6f]
[13:41:05] [dimAX#21] Main kayo: joined with identifiers [steam:1100001106315f4; license:f120dbee47786edaa583b4b6afdec6f5bb454eec; xbl:2535414542239874; live:844424983063459; discord:322430720771620864; license2:f120dbee47786edaa583b4b6afdec6f5bb454eec]
[13:42:23] [dimAX#16] ligma: disconnected (Exiting)
[13:42:56] [dimAX#22] ligma: joined with identifiers [steam:11000010812c905; license:6ba52cda982222da3b8f75ad93017348a9f4898c; xbl:2535451697426040; live:1829582460936138; discord:264431255410442242; license2:6ba52cda982222da3b8f75ad93017348a9f4898c]
[13:44:08] [dimAX#22] ligma: said "/suicide"
[13:44:10] [dimAX#22] ligma: said "/slay"
[13:44:27] [dimAX#22] ligma: said "/rato"
[13:44:33] [dimAX#22] ligma: said "/mouse"
[13:44:38] [dimAX#22] ligma: died from suicide (Falling)
[13:44:47] [dimAX#22] ligma: disconnected (Exiting)
[13:45:21] [dimAX#23] ligma: joined with identifiers [steam:11000010812c905; license:6ba52cda982222da3b8f75ad93017348a9f4898c; xbl:2535451697426040; live:1829582460936138; discord:264431255410442242; license2:6ba52cda982222da3b8f75ad93017348a9f4898c]
[13:46:18] [dimAX#23] ligma: died from suicide (Falling)
[13:46:41] [dimAX#23] ligma: turned show player IDs on
[13:46:44] [dimAX#23] ligma: turned show player IDs off
[13:46:44] [dimAX#23] ligma: turned show player IDs on
[13:48:43] [dimAX#23] ligma: disconnected (Exiting)
[13:51:53] [dimAX#20] slave: died from suicide
[13:53:15] [dimAX#1] doodllez_TTV: disconnected (Exiting)
[13:54:35] [dimAX#15] TaDeRibeir0: disconnected (Disconnected.)
[13:55:42] [dimAX#13] BOT Ragnar: disconnected (Saiu)
[13:58:03] [dimAX#20] slave: disconnected (Exiting)
[13:58:10] [dimAX#19] TIMI: disconnected (Exiting)
[13:59:39] [dimAX#21] Main kayo: disconnected (Saiu)
[14:05:58] [dimAX#24] CavalinhoOriginal: joined with identifiers [steam:11000011d2110af; license:aa5dcfa3a832b3f3582a1346d97927bc92fb0911; xbl:2535421323545650; live:844425773221331; discord:691024898339897345; fivem:7092278; license2:aa5dcfa3a832b3f3582a1346d97927bc92fb0911]
[14:12:46] [dimAX#17] 🖤jonh shelby🤍: disconnected (Exiting)
[14:18:03] [dimAX#25] Scream_Succesor: joined with identifiers [steam:110000106216cff; license:878c1205f0b17c55e54bac2dafffbfecfb424eda; live:985154977728566; discord:1033353831054057613; license2:2a26ee460b240726d5c089ce1fe4565f6bec1eb6]
[14:33:00] [dimAX#26] Ritler/nheira: joined with identifiers [steam:11000013d1ac0d5; license:7c704940aaa9cf1740ed76902902e9167a747c30; xbl:2535426704982838; live:1759222882249944; discord:614230679462477824; fivem:3383105; license2:7c704940aaa9cf1740ed76902902e9167a747c30]
[14:34:58] [dimAX#26] Ritler/nheira: disconnected (Game crashed: RAGE error: ERR_GFX_D3D_SHADER_1)
[14:36:04] [dimAX#27] Ritler/nheira: joined with identifiers [steam:11000013d1ac0d5; license:7c704940aaa9cf1740ed76902902e9167a747c30; xbl:2535426704982838; live:1759222882249944; discord:614230679462477824; fivem:3383105; license2:7c704940aaa9cf1740ed76902902e9167a747c30]
[14:39:40] [dimAX#28] BOT missel: joined with identifiers [steam:110000140fe143d; license:8df1668c45cf35e0456213719a20e8fedef02ca3; xbl:2535468412414047; live:914801549695321; discord:798966133586657310; fivem:10640694; license2:8df1668c45cf35e0456213719a20e8fedef02ca3]
[14:43:36] [dimAX#27] Ritler/nheira: said "/carrergar"
[14:44:55] [dimAX#29] Jordan Kiribi: joined with identifiers [steam:1100001430fa295; license:9285bc65f849d61a87c7c93c96cc20a6fc504f79; xbl:2535449520003953; live:1055519107286394; discord:591055253919760395; license2:9285bc65f849d61a87c7c93c96cc20a6fc504f79]
[14:45:29] [dimAX#24] CavalinhoOriginal: disconnected (Exiting)
[14:45:34] [dimAX#27] Ritler/nheira: disconnected (Exiting)
[14:46:31] [dimAX#28] BOT missel: disconnected (Saiu)
[14:53:06] [dimAX#29] Jordan Kiribi: disconnected (Exiting)
[15:02:59] [dimAX#25] Scream_Succesor: disconnected (Exiting)
[15:06:38] [dimAX#30] SNM Blackzz: joined with identifiers [steam:11000015c2ff8d3; license:f09c3252f744f59c594af80bf081274a3a5f6b7c; xbl:2535437119562486; live:1688853952557558; discord:596037400153817099; fivem:10582504; license2:f09c3252f744f59c594af80bf081274a3a5f6b7c]
[15:07:00] [dimAX#31] adymonteiro: joined with identifiers [steam:110000141010b15; license:45e8e1c62ed6bf060da84616361db92b78d8c4e5; xbl:2535439038334193; live:1829578964248451; discord:708010383868166266; fivem:1003934; license2:121cbf71bedaa752ace3e3cbf21b6cfc86fd0dfe]
[15:11:11] [dimAX#32] Anda cá: joined with identifiers [steam:11000011756f5c4; license:fc4978376bf1de6b6b5472ead288223ed9e65a81; discord:397830095534030869; license2:fc4978376bf1de6b6b5472ead288223ed9e65a81]
[15:17:34] [dimAX#31] adymonteiro: disconnected (Saiu)
[15:36:52] [dimAX#33] BOT Ragnar: joined with identifiers [steam:1100001122fe7f0; license:197e1dfb5669aa7457cf75f13086d3437fea4347; xbl:2535432578918573; live:914801617362406; discord:285425535025152001; license2:197e1dfb5669aa7457cf75f13086d3437fea4347]
[16:18:52] [dimAX#30] SNM Blackzz: disconnected (Exiting)
[17:06:37] [dimAX#32] Anda cá: disconnected (Foste expulso do servidor por inatividade.)
[17:07:46] [dimAX#34] Anda cá: joined with identifiers [steam:11000011756f5c4; license:fc4978376bf1de6b6b5472ead288223ed9e65a81; discord:397830095534030869; license2:fc4978376bf1de6b6b5472ead288223ed9e65a81]
[17:21:34] [dimAX#34] Anda cá: disconnected (Saiu)
[18:30:07] txAdmin: ((Broadcast) txAdmin): said "Este servidor está agendado para reiniciar em 30 minutos."
[18:45:07] txAdmin: ((Broadcast) txAdmin): said "Este servidor está agendado para reiniciar em 15 minutos."
[18:45:28] [dimAX#33] BOT Ragnar: disconnected (Saiu)
[18:47:22] [dimAX#35] BOT Ragnar: joined with identifiers [steam:1100001122fe7f0; license:197e1dfb5669aa7457cf75f13086d3437fea4347; xbl:2535432578918573; live:914801617362406; discord:285425535025152001; license2:197e1dfb5669aa7457cf75f13086d3437fea4347]
[18:50:07] txAdmin: ((Broadcast) txAdmin): said "Este servidor está agendado para reiniciar em 10 minutos."
[18:55:08] txAdmin: ((Broadcast) txAdmin): said "Este servidor está agendado para reiniciar em 5 minutos."
[18:56:07] txAdmin: ((Broadcast) txAdmin): said "Este servidor está agendado para reiniciar em 4 minutos."
[18:57:08] txAdmin: ((Broadcast) txAdmin): said "Este servidor está agendado para reiniciar em 3 minutos."
[18:58:08] txAdmin: ((Broadcast) txAdmin): said "Este servidor está agendado para reiniciar em 2 minutos."
[18:59:07] txAdmin: ((Broadcast) txAdmin): said "Este servidor está agendado para reiniciar em 1 minuto. Por favor se disconecte agora."
[18:59:45] [dimAX#35] BOT Ragnar: disconnected (Saiu)
[19:00:50] txAdmin: Logger started
