
================================================================
======== Log Rotated - 27/05/2023, 00:00:00                     
================================================================
[01:32:55] [b9MEM#4] Slayer.yt: joined with identifiers [steam:1100001490324cf; license:abfc2fe0a619f5ef406870a7753c107757abdf5a; xbl:2535419851155137; live:985154431899485; discord:693511547699462185; fivem:5290260; license2:4f5edc417497d6b969c63265b2f6430778fe644d]
[01:48:45] [b9MEM#4] Slayer.yt: disconnected (Exiting)
[03:04:04] [b9MEM#5] 🖤jonh shelby🤍: joined with identifiers [steam:11000011c6bf4e2; license:b50a20a8b8e88367a206448f42aa2f6a1c42a5b5; discord:792441786085539861; license2:b50a20a8b8e88367a206448f42aa2f6a1c42a5b5]
[03:19:24] [b9MEM#5] 🖤jonh shelby🤍: disconnected (Exiting)
[03:30:03] txAdmin: ((Broadcast) txAdmin): said "Este servidor está agendado para reiniciar em 30 minutos."
[03:45:04] txAdmin: ((Broadcast) txAdmin): said "Este servidor está agendado para reiniciar em 15 minutos."
[03:50:04] txAdmin: ((Broadcast) txAdmin): said "Este servidor está agendado para reiniciar em 10 minutos."
[03:55:04] txAdmin: ((Broadcast) txAdmin): said "Este servidor está agendado para reiniciar em 5 minutos."
[03:56:04] txAdmin: ((Broadcast) txAdmin): said "Este servidor está agendado para reiniciar em 4 minutos."
[03:57:04] txAdmin: ((Broadcast) txAdmin): said "Este servidor está agendado para reiniciar em 3 minutos."
[03:58:04] txAdmin: ((Broadcast) txAdmin): said "Este servidor está agendado para reiniciar em 2 minutos."
[03:59:04] txAdmin: ((Broadcast) txAdmin): said "Este servidor está agendado para reiniciar em 1 minuto. Por favor se disconecte agora."
[04:00:44] txAdmin: Logger started
[04:02:57] [RfVf8#1] 🖤jonh shelby🤍: joined with identifiers [steam:11000011c6bf4e2; license:b50a20a8b8e88367a206448f42aa2f6a1c42a5b5; discord:792441786085539861; license2:b50a20a8b8e88367a206448f42aa2f6a1c42a5b5]
[04:10:46] [RfVf8#1] 🖤jonh shelby🤍: said "/roubar"
[04:11:17] [RfVf8#1] 🖤jonh shelby🤍: said "/roubar"
[04:19:31] [RfVf8#2] PƐrs0n4: joined with identifiers [steam:11000010bb9e7b4; license:052a8ca8a11ff40d60bc46372af0bdcba7d7506b; xbl:2535473359085722; live:985157557203577; discord:286562263014309890; license2:052a8ca8a11ff40d60bc46372af0bdcba7d7506b]
[04:28:26] [RfVf8#2] PƐrs0n4: disconnected (Exiting)
[04:44:44] [RfVf8#1] 🖤jonh shelby🤍: said "/roubar"
[04:55:26] [RfVf8#1] 🖤jonh shelby🤍: said "/roubar"
[04:56:31] [RfVf8#1] 🖤jonh shelby🤍: said "/roubar"
[04:56:35] [RfVf8#1] 🖤jonh shelby🤍: said "/roubar"
[04:56:39] [RfVf8#1] 🖤jonh shelby🤍: said "/roubar"
[04:56:39] [RfVf8#1] 🖤jonh shelby🤍: said "/roubar"
[04:56:42] [RfVf8#1] 🖤jonh shelby🤍: said "/roubar"
[04:56:44] [RfVf8#1] 🖤jonh shelby🤍: said "/roubar"
[04:57:00] [RfVf8#3] Toninho Guxi: joined with identifiers [steam:1100001457586e7; license:18397d2be1dd860ec28230ad1cc8420bf11de3c6; xbl:2535445081717536; live:985157426201838; discord:792780484861624360; license2:18397d2be1dd860ec28230ad1cc8420bf11de3c6]
[04:58:12] [RfVf8#3] Toninho Guxi: disconnected (Exiting)
[05:00:57] [RfVf8#1] 🖤jonh shelby🤍: said "/roubar"
[05:12:06] [RfVf8#1] 🖤jonh shelby🤍: said "/roubar"
[05:16:55] [RfVf8#1] 🖤jonh shelby🤍: died from suicide (Falling)
[05:29:24] [RfVf8#4] Nelinho Xinada: joined with identifiers [steam:11000013edc2474; license:a26070dcb1fa73d5e5e54133486911ddec504b97; discord:760566135099228241; license2:61c3abb796ba1990c1690616fe24580b12b380b3]
[05:31:54] [RfVf8#1] 🖤jonh shelby🤍: died from suicide (Falling)
[05:32:10] [RfVf8#1] 🖤jonh shelby🤍: disconnected (Exiting)
[05:32:31] [RfVf8#4] Nelinho Xinada: disconnected (Saiu)
[05:34:20] [RfVf8#5] 🖤jonh shelby🤍: joined with identifiers [steam:11000011c6bf4e2; license:b50a20a8b8e88367a206448f42aa2f6a1c42a5b5; discord:792441786085539861; license2:b50a20a8b8e88367a206448f42aa2f6a1c42a5b5]
[05:35:42] [RfVf8#5] 🖤jonh shelby🤍: died from suicide (Falling)
[05:36:27] [RfVf8#5] 🖤jonh shelby🤍: disconnected (Exiting)
[05:48:26] [RfVf8#6] 🖤jonh shelby🤍: joined with identifiers [steam:11000011c6bf4e2; license:b50a20a8b8e88367a206448f42aa2f6a1c42a5b5; discord:792441786085539861; license2:b50a20a8b8e88367a206448f42aa2f6a1c42a5b5]
[05:49:50] [RfVf8#6] 🖤jonh shelby🤍: died from suicide (Falling)
[05:53:05] [RfVf8#6] 🖤jonh shelby🤍: disconnected (Exiting)
[08:12:48] [RfVf8#7] doodllez_TTV: joined with identifiers [steam:110000109c92073; license:1cadd20a119cefa4b14ac06dfd26273ee76c470e; xbl:2535450128187403; live:1759222521559603; discord:1040493373187952670; fivem:10371137; license2:670ae25f144371c0b79b132026bbcb3dd26205a7]
[08:29:02] [RfVf8#8] 🖤jonh shelby🤍: joined with identifiers [steam:11000011c6bf4e2; license:b50a20a8b8e88367a206448f42aa2f6a1c42a5b5; discord:792441786085539861; license2:b50a20a8b8e88367a206448f42aa2f6a1c42a5b5]
[08:30:24] [RfVf8#8] 🖤jonh shelby🤍: died from suicide (Falling)
[08:37:22] [RfVf8#9] ric: joined with identifiers [steam:11000014701bb3d; license:3ddd3b99ad8d7930600e2d65eefed88142124b4e; xbl:2535436686248056; live:1055518939742465; discord:478836821963571200; license2:3ddd3b99ad8d7930600e2d65eefed88142124b4e]
[08:37:31] [RfVf8#7] doodllez_TTV: disconnected (Foste expulso do servidor por inatividade.)
[08:38:06] [RfVf8#10] FilipeNV1: joined with identifiers [steam:1100001333ecadf; license:7e92d3099c6cb87c974ef661848eb18ef7da3c6a; xbl:2535450480764937; live:844425483104027; discord:505322792582119424; license2:7e92d3099c6cb87c974ef661848eb18ef7da3c6a]
[08:39:41] [RfVf8#11] doodllez_TTV: joined with identifiers [steam:110000109c92073; license:1cadd20a119cefa4b14ac06dfd26273ee76c470e; xbl:2535450128187403; live:1759222521559603; discord:1040493373187952670; fivem:10371137; license2:670ae25f144371c0b79b132026bbcb3dd26205a7]
[08:40:06] [RfVf8#11] doodllez_TTV: disconnected (Game crashed: GTA5_b2802.exe!sub_14160C194 (0x132))
[08:42:43] [RfVf8#10] FilipeNV1: disconnected (Server->client connection timed out. Last seen 30116 msec ago.)
[08:43:54] [RfVf8#12] doodllez_TTV: joined with identifiers [steam:110000109c92073; license:1cadd20a119cefa4b14ac06dfd26273ee76c470e; xbl:2535450128187403; live:1759222521559603; discord:1040493373187952670; fivem:10371137; license2:670ae25f144371c0b79b132026bbcb3dd26205a7]
[08:43:55] [RfVf8#13] FilipeNV1: joined with identifiers [steam:1100001333ecadf; license:7e92d3099c6cb87c974ef661848eb18ef7da3c6a; xbl:2535450480764937; live:844425483104027; discord:505322792582119424; license2:7e92d3099c6cb87c974ef661848eb18ef7da3c6a]
[08:44:49] [RfVf8#8] 🖤jonh shelby🤍: said "/roubar"
[08:47:07] [RfVf8#9] ric: disconnected (Exiting)
[08:48:01] [RfVf8#14] MULAS | RcR ♛: joined with identifiers [steam:110000144346ef0; license:39a17c44f478addd5f6a8569e9bad1c52e8a4251; xbl:2535411586849078; live:914801248593225; discord:497502124100550660; fivem:2758425; license2:39a17c44f478addd5f6a8569e9bad1c52e8a4251]
[08:49:55] [RfVf8#12] doodllez_TTV: disconnected (Exiting)
[08:50:46] [RfVf8#8] 🖤jonh shelby🤍: disconnected (Foste expulso do servidor por inatividade.)
[08:52:26] [RfVf8#15] ric: joined with identifiers [steam:11000014701bb3d; license:3ddd3b99ad8d7930600e2d65eefed88142124b4e; xbl:2535436686248056; live:1055518939742465; discord:478836821963571200; license2:3ddd3b99ad8d7930600e2d65eefed88142124b4e]
[08:53:34] [RfVf8#16] 🖤jonh shelby🤍: joined with identifiers [steam:11000011c6bf4e2; license:b50a20a8b8e88367a206448f42aa2f6a1c42a5b5; discord:792441786085539861; license2:b50a20a8b8e88367a206448f42aa2f6a1c42a5b5]
[08:55:04] [RfVf8#16] 🖤jonh shelby🤍: died from suicide (Falling)
[08:56:42] [RfVf8#14] MULAS | RcR ♛: disconnected (Exiting)
[08:57:35] [RfVf8#15] ric: disconnected (Exiting)
[08:58:21] [RfVf8#17] MULAS | RcR ♛: joined with identifiers [steam:110000144346ef0; license:39a17c44f478addd5f6a8569e9bad1c52e8a4251; xbl:2535411586849078; live:914801248593225; discord:497502124100550660; fivem:2758425; license2:39a17c44f478addd5f6a8569e9bad1c52e8a4251]
[08:59:50] [RfVf8#18] ric: joined with identifiers [steam:11000014701bb3d; license:3ddd3b99ad8d7930600e2d65eefed88142124b4e; xbl:2535436686248056; live:1055518939742465; discord:478836821963571200; license2:3ddd3b99ad8d7930600e2d65eefed88142124b4e]
[09:00:25] [RfVf8#17] MULAS | RcR ♛: died from suicide (Falling)
[09:00:31] [RfVf8#17] MULAS | RcR ♛: disconnected (Exiting)
[09:02:48] [RfVf8#19] doodllez_TTV: joined with identifiers [steam:110000109c92073; license:1cadd20a119cefa4b14ac06dfd26273ee76c470e; xbl:2535450128187403; live:1759222521559603; discord:1040493373187952670; fivem:10371137; license2:670ae25f144371c0b79b132026bbcb3dd26205a7]
[09:03:59] [RfVf8#16] 🖤jonh shelby🤍: said "/qwuit"
[09:04:02] [RfVf8#16] 🖤jonh shelby🤍: disconnected (Exiting)
[09:05:04] [RfVf8#19] doodllez_TTV: disconnected (Game crashed: GTA5_b2802.exe!sub_14136A248 (0x48))
[09:05:31] [RfVf8#20] doodllez_TTV: joined with identifiers [steam:110000109c92073; license:1cadd20a119cefa4b14ac06dfd26273ee76c470e; xbl:2535450128187403; live:1759222521559603; discord:1040493373187952670; fivem:10371137; license2:670ae25f144371c0b79b132026bbcb3dd26205a7]
[09:07:28] [RfVf8#20] doodllez_TTV: disconnected (Exiting)
[09:08:11] [RfVf8#21] doodllez_TTV: joined with identifiers [steam:110000109c92073; license:1cadd20a119cefa4b14ac06dfd26273ee76c470e; xbl:2535450128187403; live:1759222521559603; discord:1040493373187952670; fivem:10371137; license2:670ae25f144371c0b79b132026bbcb3dd26205a7]
[09:18:25] [RfVf8#21] doodllez_TTV: disconnected (Exiting)
[09:18:53] [RfVf8#22] doodllez_TTV: joined with identifiers [steam:110000109c92073; license:1cadd20a119cefa4b14ac06dfd26273ee76c470e; xbl:2535450128187403; live:1759222521559603; discord:1040493373187952670; fivem:10371137; license2:670ae25f144371c0b79b132026bbcb3dd26205a7]
[09:21:17] [RfVf8#22] doodllez_TTV: disconnected (Exiting)
[09:36:10] [RfVf8#13] FilipeNV1: caused an explosion (TANKER)
[09:47:57] [RfVf8#13] FilipeNV1: disconnected (Exiting)
[09:48:02] [RfVf8#18] ric: disconnected (Exiting)
[09:58:43] [RfVf8#23] Sal Grosso: joined with identifiers [steam:110000112c0e5e4; license:8b9db3619ba93332f84c30bde1075514383086e8; xbl:2535422337877403; live:914798114815860; discord:429755801276645386; license2:8b9db3619ba93332f84c30bde1075514383086e8]
[10:01:11] [RfVf8#23] Sal Grosso: disconnected (Exiting)
[10:43:54] [RfVf8#24] BOT Ragnar: joined with identifiers [steam:1100001122fe7f0; license:197e1dfb5669aa7457cf75f13086d3437fea4347; xbl:2535432578918573; live:914801617362406; discord:285425535025152001; license2:197e1dfb5669aa7457cf75f13086d3437fea4347]
[10:48:11] [RfVf8#24] BOT Ragnar: disconnected (Saiu)
[10:48:40] [RfVf8#25] BOT Ragnar: joined with identifiers [steam:1100001122fe7f0; license:197e1dfb5669aa7457cf75f13086d3437fea4347; xbl:2535432578918573; live:914801617362406; discord:285425535025152001; license2:197e1dfb5669aa7457cf75f13086d3437fea4347]
[10:50:56] [RfVf8#25] BOT Ragnar: disconnected (Saiu)
[10:51:23] [RfVf8#26] BOT Ragnar: joined with identifiers [steam:1100001122fe7f0; license:197e1dfb5669aa7457cf75f13086d3437fea4347; xbl:2535432578918573; live:914801617362406; discord:285425535025152001; license2:197e1dfb5669aa7457cf75f13086d3437fea4347]
[10:51:56] [RfVf8#26] BOT Ragnar: disconnected (Game crashed: Failed to call inflate() for streaming file compcache:/Johnny_Carros/cyph_seats_e2.yft.)
[10:52:23] [RfVf8#27] BOT Ragnar: joined with identifiers [steam:1100001122fe7f0; license:197e1dfb5669aa7457cf75f13086d3437fea4347; xbl:2535432578918573; live:914801617362406; discord:285425535025152001; license2:197e1dfb5669aa7457cf75f13086d3437fea4347]
[11:00:04] [RfVf8#27] BOT Ragnar: disconnected (Saiu)
[11:00:30] [RfVf8#28] BOT Ragnar: joined with identifiers [steam:1100001122fe7f0; license:197e1dfb5669aa7457cf75f13086d3437fea4347; xbl:2535432578918573; live:914801617362406; discord:285425535025152001; license2:197e1dfb5669aa7457cf75f13086d3437fea4347]
[11:12:32] [RfVf8#28] BOT Ragnar: disconnected (Saiu)
[11:13:01] [RfVf8#29] BOT Ragnar: joined with identifiers [steam:1100001122fe7f0; license:197e1dfb5669aa7457cf75f13086d3437fea4347; xbl:2535432578918573; live:914801617362406; discord:285425535025152001; license2:197e1dfb5669aa7457cf75f13086d3437fea4347]
[11:15:10] [RfVf8#29] BOT Ragnar: disconnected (Saiu)
[11:16:19] [RfVf8#30] BOT Ragnar: joined with identifiers [steam:1100001122fe7f0; license:197e1dfb5669aa7457cf75f13086d3437fea4347; xbl:2535432578918573; live:914801617362406; discord:285425535025152001; license2:197e1dfb5669aa7457cf75f13086d3437fea4347]
[11:19:57] [RfVf8#31] doodllez_TTV: joined with identifiers [steam:110000109c92073; license:1cadd20a119cefa4b14ac06dfd26273ee76c470e; xbl:2535450128187403; live:1759222521559603; discord:1040493373187952670; fivem:10371137; license2:670ae25f144371c0b79b132026bbcb3dd26205a7]
[11:21:15] [RfVf8#30] BOT Ragnar: disconnected (Saiu)
[11:21:44] [RfVf8#32] BOT Ragnar: joined with identifiers [steam:1100001122fe7f0; license:197e1dfb5669aa7457cf75f13086d3437fea4347; xbl:2535432578918573; live:914801617362406; discord:285425535025152001; license2:197e1dfb5669aa7457cf75f13086d3437fea4347]
[11:27:21] [RfVf8#32] BOT Ragnar: disconnected (Saiu)
[11:27:51] [RfVf8#33] BOT Ragnar: joined with identifiers [steam:1100001122fe7f0; license:197e1dfb5669aa7457cf75f13086d3437fea4347; xbl:2535432578918573; live:914801617362406; discord:285425535025152001; license2:197e1dfb5669aa7457cf75f13086d3437fea4347]
[11:30:17] txAdmin: ((Broadcast) txAdmin): said "Este servidor está agendado para reiniciar em 30 minutos."
[11:35:18] [RfVf8#33] BOT Ragnar: disconnected (Saiu)
[11:45:16] txAdmin: ((Broadcast) txAdmin): said "Este servidor está agendado para reiniciar em 15 minutos."
[11:50:17] txAdmin: ((Broadcast) txAdmin): said "Este servidor está agendado para reiniciar em 10 minutos."
[11:54:53] [RfVf8#34] ric: joined with identifiers [steam:11000014701bb3d; license:3ddd3b99ad8d7930600e2d65eefed88142124b4e; xbl:2535436686248056; live:1055518939742465; discord:478836821963571200; license2:3ddd3b99ad8d7930600e2d65eefed88142124b4e]
[11:55:17] txAdmin: ((Broadcast) txAdmin): said "Este servidor está agendado para reiniciar em 5 minutos."
[11:56:17] txAdmin: ((Broadcast) txAdmin): said "Este servidor está agendado para reiniciar em 4 minutos."
[11:56:39] [RfVf8#34] ric: disconnected (Exiting)
[11:57:17] txAdmin: ((Broadcast) txAdmin): said "Este servidor está agendado para reiniciar em 3 minutos."
[11:58:17] txAdmin: ((Broadcast) txAdmin): said "Este servidor está agendado para reiniciar em 2 minutos."
[11:59:17] txAdmin: ((Broadcast) txAdmin): said "Este servidor está agendado para reiniciar em 1 minuto. Por favor se disconecte agora."
[12:00:17] [RfVf8#31] doodllez_TTV: disconnected ([txAdmin] Servidor reiniciando (agendado para 12:00).)
[12:05:47] txAdmin: Logger started
[12:34:08] [NezcG#1] ric: joined with identifiers [steam:11000014701bb3d; license:3ddd3b99ad8d7930600e2d65eefed88142124b4e; xbl:2535436686248056; live:1055518939742465; discord:478836821963571200; license2:3ddd3b99ad8d7930600e2d65eefed88142124b4e]
[12:43:01] [NezcG#2] doodllez_TTV: joined with identifiers [steam:110000109c92073; license:1cadd20a119cefa4b14ac06dfd26273ee76c470e; xbl:2535450128187403; live:1759222521559603; discord:1040493373187952670; fivem:10371137; license2:670ae25f144371c0b79b132026bbcb3dd26205a7]
[12:44:06] [NezcG#3] Miny: joined with identifiers [steam:110000132460d3e; license:7c2b23d888dd955572e2baf04959fda63c7838b6; xbl:2535452986007273; live:985153941522979; discord:303969069659586561; fivem:8134317; license2:7c2b23d888dd955572e2baf04959fda63c7838b6]
[12:49:59] [NezcG#2] doodllez_TTV: disconnected (Exiting)
[12:51:10] [NezcG#4] Mater: joined with identifiers [steam:110000136c1d8ea; license:6649664a4925b6bba7c883f212f93517b905db53; xbl:2535437401944194; live:985154188885777; discord:722096102442008663; license2:6649664a4925b6bba7c883f212f93517b905db53]
[12:52:57] [NezcG#5] doodllez_TTV: joined with identifiers [steam:110000109c92073; license:1cadd20a119cefa4b14ac06dfd26273ee76c470e; xbl:2535450128187403; live:1759222521559603; discord:1040493373187952670; fivem:10371137; license2:670ae25f144371c0b79b132026bbcb3dd26205a7]
[13:04:44] [NezcG#4] Mater: said "y"
[13:08:40] [NezcG#6] Sal Grosso: joined with identifiers [steam:110000112c0e5e4; license:8b9db3619ba93332f84c30bde1075514383086e8; xbl:2535422337877403; live:914798114815860; discord:429755801276645386; license2:8b9db3619ba93332f84c30bde1075514383086e8]
[13:09:28] [NezcG#6] Sal Grosso: disconnected (O jogo crashou: GTA5_b2802.exe!sub_1412EA1B8 (0x1c9))
[13:09:59] [NezcG#7] Sal Grosso: joined with identifiers [steam:110000112c0e5e4; license:8b9db3619ba93332f84c30bde1075514383086e8; xbl:2535422337877403; live:914798114815860; discord:429755801276645386; license2:8b9db3619ba93332f84c30bde1075514383086e8]
[13:11:16] [NezcG#8] Slayer.yt: joined with identifiers [steam:1100001490324cf; license:abfc2fe0a619f5ef406870a7753c107757abdf5a; xbl:2535419851155137; live:985154431899485; discord:693511547699462185; fivem:5290260; license2:4f5edc417497d6b969c63265b2f6430778fe644d]
[13:12:25] [NezcG#8] Slayer.yt: said "/REPORTY"
[13:13:44] [NezcG#9] BOT Ragnar: joined with identifiers [steam:1100001122fe7f0; license:197e1dfb5669aa7457cf75f13086d3437fea4347; xbl:2535432578918573; live:914801617362406; discord:285425535025152001; license2:197e1dfb5669aa7457cf75f13086d3437fea4347]
[13:15:28] [NezcG#10] SNM Blackzz: joined with identifiers [steam:11000015c2ff8d3; license:f09c3252f744f59c594af80bf081274a3a5f6b7c; xbl:2535437119562486; live:1688853952557558; discord:596037400153817099; fivem:10582504; license2:f09c3252f744f59c594af80bf081274a3a5f6b7c]
[13:15:44] [NezcG#8] Slayer.yt: disconnected (Exiting)
[13:19:47] [NezcG#7] Sal Grosso: disconnected (Exiting)
[13:27:08] [NezcG#3] Miny: disconnected (Foste expulso do servidor por inatividade.)
[13:28:32] [NezcG#11] Miny: joined with identifiers [steam:110000132460d3e; license:7c2b23d888dd955572e2baf04959fda63c7838b6; xbl:2535452986007273; live:985153941522979; discord:303969069659586561; fivem:8134317; license2:7c2b23d888dd955572e2baf04959fda63c7838b6]
[13:29:25] [NezcG#11] Miny: disconnected (Game crashed: GTA5_b2802.exe!sub_14160C194 (0x132))
[13:31:19] [NezcG#10] SNM Blackzz: said "/sitchair"
[13:31:33] [NezcG#10] SNM Blackzz: said "/sitchair"
[13:31:37] [NezcG#10] SNM Blackzz: said "/sit"
[13:32:26] [NezcG#12] Miny: joined with identifiers [steam:110000132460d3e; license:7c2b23d888dd955572e2baf04959fda63c7838b6; xbl:2535452986007273; live:985153941522979; discord:303969069659586561; fivem:8134317; license2:7c2b23d888dd955572e2baf04959fda63c7838b6]
[13:36:29] [NezcG#9] BOT Ragnar: disconnected (Saiu)
[13:37:13] [NezcG#13] BOT Ragnar: joined with identifiers [steam:1100001122fe7f0; license:197e1dfb5669aa7457cf75f13086d3437fea4347; xbl:2535432578918573; live:914801617362406; discord:285425535025152001; license2:197e1dfb5669aa7457cf75f13086d3437fea4347]
[13:38:26] [NezcG#14] Sal Grosso: joined with identifiers [steam:110000112c0e5e4; license:8b9db3619ba93332f84c30bde1075514383086e8; xbl:2535422337877403; live:914798114815860; discord:429755801276645386; license2:8b9db3619ba93332f84c30bde1075514383086e8]
[13:38:37] [NezcG#15] -OlivS -Taz: joined with identifiers [steam:11000010b53f4e3; license:7f09cec9b4b5c2200bb72e7eaf77d3fcd0a1f979; xbl:2535450016987964; live:1829582321374029; discord:194168006077710336; fivem:1258634; license2:4018060e080e5d4081a5c5bae758194ce50a529f]
[13:40:23] [NezcG#14] Sal Grosso: disconnected (Exiting)
[13:41:07] [NezcG#16] Sal Grosso: joined with identifiers [steam:110000112c0e5e4; license:8b9db3619ba93332f84c30bde1075514383086e8; xbl:2535422337877403; live:914798114815860; discord:429755801276645386; license2:8b9db3619ba93332f84c30bde1075514383086e8]
[13:46:55] [NezcG#1] ric: died from Knife by SNM Blackzz
[13:47:40] [NezcG#16] Sal Grosso: said "/revistar"
[14:11:39] [NezcG#16] Sal Grosso: died from suicide (Falling)
[14:11:57] [NezcG#17] Slayer.yt: joined with identifiers [steam:1100001490324cf; license:abfc2fe0a619f5ef406870a7753c107757abdf5a; xbl:2535419851155137; live:985154431899485; discord:693511547699462185; fivem:5290260; license2:4f5edc417497d6b969c63265b2f6430778fe644d]
[14:12:07] [NezcG#15] -OlivS -Taz: disconnected (Exiting)
[14:12:29] [NezcG#18] -OlivS -Taz: joined with identifiers [steam:11000010b53f4e3; license:7f09cec9b4b5c2200bb72e7eaf77d3fcd0a1f979; xbl:2535450016987964; live:1829582321374029; discord:194168006077710336; fivem:1258634; license2:4018060e080e5d4081a5c5bae758194ce50a529f]
[14:13:29] [NezcG#18] -OlivS -Taz: said "/fos"
[14:17:29] [NezcG#19] Ritler/nheira: joined with identifiers [steam:11000013d1ac0d5; license:7c704940aaa9cf1740ed76902902e9167a747c30; xbl:2535426704982838; live:1759222882249944; discord:614230679462477824; fivem:3383105; license2:7c704940aaa9cf1740ed76902902e9167a747c30]
[14:17:36] [NezcG#1] ric: disconnected (Exiting)
[14:17:42] [NezcG#20] Deide Costa: joined with identifiers [steam:11000011acd7446; license:a846c2157718d149f6e0414cf5a049db328bb026; xbl:2535472544838373; live:985154697849764; discord:462340815977447468; license2:a846c2157718d149f6e0414cf5a049db328bb026]
[14:17:50] [NezcG#10] SNM Blackzz: disconnected (Exiting)
[14:19:56] [NezcG#16] Sal Grosso: said "/revistar"
[14:23:21] [NezcG#16] Sal Grosso: said "/revistar"
[14:24:30] [NezcG#16] Sal Grosso: said "/revistar"
[14:25:59] [NezcG#20] Deide Costa: died from Revolver by Ritler/nheira
[14:28:38] [NezcG#4] Mater: disconnected (Exiting)
[14:29:46] [NezcG#21] ric: joined with identifiers [steam:11000014701bb3d; license:3ddd3b99ad8d7930600e2d65eefed88142124b4e; xbl:2535436686248056; live:1055518939742465; discord:478836821963571200; license2:3ddd3b99ad8d7930600e2d65eefed88142124b4e]
[14:38:07] [NezcG#12] Miny: died from suicide
[14:42:59] [NezcG#20] Deide Costa: died from Revolver by Ritler/nheira
[14:45:12] [NezcG#20] Deide Costa: died from Revolver by Ritler/nheira
[14:46:20] [NezcG#16] Sal Grosso: died from suicide
[14:46:46] [NezcG#20] Deide Costa: died from Revolver by Ritler/nheira
[14:47:56] [NezcG#16] Sal Grosso: disconnected (Exiting)
[14:50:42] [NezcG#20] Deide Costa: died from Revolver by Ritler/nheira
[14:51:07] [NezcG#19] Ritler/nheira: said "/rpeort~"
[14:52:02] [NezcG#18] -OlivS -Taz: died from suicide
[14:52:15] [NezcG#5] doodllez_TTV: disconnected (Exiting)
[14:53:03] [NezcG#19] Ritler/nheira: disconnected (Exiting)
[14:53:09] [NezcG#20] Deide Costa: disconnected (Exiting)
[14:55:11] [NezcG#12] Miny: died from Ranover by Vehicle by -OlivS -Taz
[14:56:29] [NezcG#18] -OlivS -Taz: disconnected (Exiting)
[15:05:37] [NezcG#13] BOT Ragnar: disconnected (Saiu)
[15:05:48] [NezcG#12] Miny: disconnected (Saiu)
[15:13:40] [NezcG#22] Pipoca: joined with identifiers [steam:1100001199b55e1; license:5807793a575f26f28e7efc6df409683e2536d3c3; xbl:2535455310442694; live:985154581857957; discord:397766931282919426; license2:5807793a575f26f28e7efc6df409683e2536d3c3]
[15:15:26] [NezcG#22] Pipoca: disconnected (Disconnected.)
[15:24:11] [NezcG#21] ric: disconnected (Exiting)
[15:25:53] [NezcG#23] SNM Blackzz: joined with identifiers [steam:11000015c2ff8d3; license:f09c3252f744f59c594af80bf081274a3a5f6b7c; xbl:2535437119562486; live:1688853952557558; discord:596037400153817099; fivem:10582504; license2:f09c3252f744f59c594af80bf081274a3a5f6b7c]
[15:29:24] [NezcG#17] Slayer.yt: disconnected (Saiu)
[15:32:17] [NezcG#24] Slayer.yt: joined with identifiers [steam:1100001490324cf; license:abfc2fe0a619f5ef406870a7753c107757abdf5a; xbl:2535419851155137; live:985154431899485; discord:693511547699462185; fivem:5290260; license2:4f5edc417497d6b969c63265b2f6430778fe644d]
[15:32:25] [NezcG#25] ric: joined with identifiers [steam:11000014701bb3d; license:3ddd3b99ad8d7930600e2d65eefed88142124b4e; xbl:2535436686248056; live:1055518939742465; discord:478836821963571200; license2:3ddd3b99ad8d7930600e2d65eefed88142124b4e]
[15:41:11] [NezcG#23] SNM Blackzz: died from suicide (Falling)
[15:44:12] [NezcG#24] Slayer.yt: disconnected (Exiting)
[16:01:57] [NezcG#23] SNM Blackzz: disconnected (Server->client connection timed out. Last seen 32757 msec ago.)
[16:02:49] [NezcG#26] guga: joined with identifiers [steam:1100001189b1b9a; license:2202462581a07bd712f33abcfc06b28624094c35; discord:342832170441768980; fivem:874811; license2:039f082f26b675d463c9dbbd7312c232e64db2ee]
[16:08:02] [NezcG#25] ric: disconnected (Exiting)
[16:15:04] [NezcG#27] doodllez_TTV: joined with identifiers [steam:110000109c92073; license:1cadd20a119cefa4b14ac06dfd26273ee76c470e; xbl:2535450128187403; live:1759222521559603; discord:1040493373187952670; fivem:10371137; license2:670ae25f144371c0b79b132026bbcb3dd26205a7]
[16:15:48] [NezcG#27] doodllez_TTV: disconnected (Game crashed: GTA5_b2802.exe!sub_1412EA710 (0x16f))
[16:16:15] [NezcG#28] doodllez_TTV: joined with identifiers [steam:110000109c92073; license:1cadd20a119cefa4b14ac06dfd26273ee76c470e; xbl:2535450128187403; live:1759222521559603; discord:1040493373187952670; fivem:10371137; license2:670ae25f144371c0b79b132026bbcb3dd26205a7]
[16:27:26] [NezcG#28] doodllez_TTV: disconnected (Exiting)
[16:29:42] [NezcG#29] doodllez_TTV: joined with identifiers [steam:110000109c92073; license:1cadd20a119cefa4b14ac06dfd26273ee76c470e; xbl:2535450128187403; live:1759222521559603; discord:1040493373187952670; fivem:10371137; license2:670ae25f144371c0b79b132026bbcb3dd26205a7]
[16:41:04] [NezcG#29] doodllez_TTV: disconnected (Exiting)
[16:41:38] [NezcG#30] doodllez_TTV: joined with identifiers [steam:110000109c92073; license:1cadd20a119cefa4b14ac06dfd26273ee76c470e; xbl:2535450128187403; live:1759222521559603; discord:1040493373187952670; fivem:10371137; license2:670ae25f144371c0b79b132026bbcb3dd26205a7]
[16:42:40] [NezcG#30] doodllez_TTV: disconnected (Exiting)
[16:43:12] [NezcG#31] doodllez_TTV: joined with identifiers [steam:110000109c92073; license:1cadd20a119cefa4b14ac06dfd26273ee76c470e; xbl:2535450128187403; live:1759222521559603; discord:1040493373187952670; fivem:10371137; license2:670ae25f144371c0b79b132026bbcb3dd26205a7]
[16:50:33] [NezcG#26] guga: disconnected (Exiting)
[16:57:11] [NezcG#31] doodllez_TTV: caused an explosion (PETROL_PUMP)
[16:57:11] [NezcG#31] doodllez_TTV: caused an explosion (CAR)
[16:57:11] [NezcG#31] doodllez_TTV: caused an explosion (PETROL_PUMP)
[17:31:09] [NezcG#31] doodllez_TTV: disconnected (Foste expulso do servidor por inatividade.)
[18:30:28] txAdmin: ((Broadcast) txAdmin): said "Este servidor está agendado para reiniciar em 30 minutos."
[18:45:29] txAdmin: ((Broadcast) txAdmin): said "Este servidor está agendado para reiniciar em 15 minutos."
[18:50:29] txAdmin: ((Broadcast) txAdmin): said "Este servidor está agendado para reiniciar em 10 minutos."
[18:55:29] txAdmin: ((Broadcast) txAdmin): said "Este servidor está agendado para reiniciar em 5 minutos."
[18:56:29] txAdmin: ((Broadcast) txAdmin): said "Este servidor está agendado para reiniciar em 4 minutos."
[18:57:29] txAdmin: ((Broadcast) txAdmin): said "Este servidor está agendado para reiniciar em 3 minutos."
[18:58:29] txAdmin: ((Broadcast) txAdmin): said "Este servidor está agendado para reiniciar em 2 minutos."
[18:59:29] txAdmin: ((Broadcast) txAdmin): said "Este servidor está agendado para reiniciar em 1 minuto. Por favor se disconecte agora."
[19:01:07] txAdmin: Logger started
