
================================================================
======== Log Rotated - 31/05/2023, 00:00:00                     
================================================================
[03:30:36] txAdmin: ((Broadcast) txAdmin): said "Este servidor está agendado para reiniciar em 30 minutos."
[03:45:36] txAdmin: ((Broadcast) txAdmin): said "Este servidor está agendado para reiniciar em 15 minutos."
[03:50:37] txAdmin: ((Broadcast) txAdmin): said "Este servidor está agendado para reiniciar em 10 minutos."
[03:55:37] txAdmin: ((Broadcast) txAdmin): said "Este servidor está agendado para reiniciar em 5 minutos."
[03:56:37] txAdmin: ((Broadcast) txAdmin): said "Este servidor está agendado para reiniciar em 4 minutos."
[03:57:36] txAdmin: ((Broadcast) txAdmin): said "Este servidor está agendado para reiniciar em 3 minutos."
[03:58:36] txAdmin: ((Broadcast) txAdmin): said "Este servidor está agendado para reiniciar em 2 minutos."
[03:59:36] txAdmin: ((Broadcast) txAdmin): said "Este servidor está agendado para reiniciar em 1 minuto. Por favor se disconecte agora."
[04:01:13] txAdmin: Logger started
[07:45:01] [GF4Tw#1] ric: joined with identifiers [steam:11000014701bb3d; license:3ddd3b99ad8d7930600e2d65eefed88142124b4e; xbl:2535436686248056; live:1055518939742465; discord:478836821963571200; license2:3ddd3b99ad8d7930600e2d65eefed88142124b4e]
[08:04:51] [GF4Tw#1] ric: said "/oclus"
[08:04:53] [GF4Tw#1] ric: said "/google"
[08:04:55] [GF4Tw#1] ric: said "/googles"
[08:04:57] [GF4Tw#1] ric: said "/galls"
[08:04:59] [GF4Tw#1] ric: said "/glass"
[08:05:35] [GF4Tw#1] ric: said "/glass"
[08:45:31] [GF4Tw#1] ric: disconnected (Exiting)
[08:53:28] [GF4Tw#2] Sal Grosso: joined with identifiers [steam:110000112c0e5e4; license:8b9db3619ba93332f84c30bde1075514383086e8; xbl:2535422337877403; live:914798114815860; discord:429755801276645386; license2:8b9db3619ba93332f84c30bde1075514383086e8]
[08:56:17] [GF4Tw#2] Sal Grosso: said "/tbm"
[09:05:32] [GF4Tw#2] Sal Grosso: disconnected (Exiting)
[10:10:25] [GF4Tw#3] ric: joined with identifiers [steam:11000014701bb3d; license:3ddd3b99ad8d7930600e2d65eefed88142124b4e; xbl:2535436686248056; live:1055518939742465; discord:478836821963571200; license2:3ddd3b99ad8d7930600e2d65eefed88142124b4e]
[10:28:23] [GF4Tw#3] ric: disconnected (Exiting)
[10:45:41] [GF4Tw#4] Sal Grosso: joined with identifiers [steam:110000112c0e5e4; license:8b9db3619ba93332f84c30bde1075514383086e8; xbl:2535422337877403; live:914798114815860; discord:429755801276645386; license2:8b9db3619ba93332f84c30bde1075514383086e8]
[10:46:27] [GF4Tw#4] Sal Grosso: disconnected (O jogo crashou: Failed to call inflate() for streaming file compcache:/Johnny_Carros/amggtc_hood2c.yft.)
[11:30:47] txAdmin: ((Broadcast) txAdmin): said "Este servidor está agendado para reiniciar em 30 minutos."
[11:42:02] [GF4Tw#5] doodllez: joined with identifiers [steam:110000104afb3a3; license:1cadd20a119cefa4b14ac06dfd26273ee76c470e; xbl:2535450128187403; live:1759222521559603; discord:1040493373187952670; fivem:10371137; license2:670ae25f144371c0b79b132026bbcb3dd26205a7]
[11:43:12] [GF4Tw#5] doodllez: disconnected (Exiting)
[11:45:47] txAdmin: ((Broadcast) txAdmin): said "Este servidor está agendado para reiniciar em 15 minutos."
[11:46:36] [GF4Tw#6] doodllez_TTV: joined with identifiers [steam:110000109c92073; license:1cadd20a119cefa4b14ac06dfd26273ee76c470e; xbl:2535450128187403; live:1759222521559603; discord:1040493373187952670; fivem:10371137; license2:670ae25f144371c0b79b132026bbcb3dd26205a7]
[11:47:08] [GF4Tw#6] doodllez_TTV: disconnected (Game crashed: GTA5_b2802.exe!sub_1412EA710 (0x16f))
[11:47:54] [GF4Tw#7] doodllez_TTV: joined with identifiers [steam:110000109c92073; license:1cadd20a119cefa4b14ac06dfd26273ee76c470e; xbl:2535450128187403; live:1759222521559603; discord:1040493373187952670; fivem:10371137; license2:670ae25f144371c0b79b132026bbcb3dd26205a7]
[11:48:27] [GF4Tw#8] TaDeRibeir0: joined with identifiers [steam:110000112d1a8e4; license:f484c0da18628de9bc81892d628671f6b67ef027; xbl:2535415855155542; live:1759221869768700; discord:297883515859501057; fivem:571871; license2:f484c0da18628de9bc81892d628671f6b67ef027]
[11:50:47] txAdmin: ((Broadcast) txAdmin): said "Este servidor está agendado para reiniciar em 10 minutos."
[11:55:47] txAdmin: ((Broadcast) txAdmin): said "Este servidor está agendado para reiniciar em 5 minutos."
[11:56:48] txAdmin: ((Broadcast) txAdmin): said "Este servidor está agendado para reiniciar em 4 minutos."
[11:57:48] txAdmin: ((Broadcast) txAdmin): said "Este servidor está agendado para reiniciar em 3 minutos."
[11:58:33] [GF4Tw#7] doodllez_TTV: disconnected (Exiting)
[11:58:44] [GF4Tw#8] TaDeRibeir0: disconnected (Exiting)
[11:58:47] txAdmin: ((Broadcast) txAdmin): said "Este servidor está agendado para reiniciar em 2 minutos."
[11:59:47] txAdmin: ((Broadcast) txAdmin): said "Este servidor está agendado para reiniciar em 1 minuto. Por favor se disconecte agora."
[12:06:12] txAdmin: Logger started
[12:06:50] [zFGKK#1] TaDeRibeir0: joined with identifiers [steam:110000112d1a8e4; license:f484c0da18628de9bc81892d628671f6b67ef027; xbl:2535415855155542; live:1759221869768700; discord:297883515859501057; fivem:571871; license2:f484c0da18628de9bc81892d628671f6b67ef027]
[12:08:43] [zFGKK#1] TaDeRibeir0: disconnected (Server->client connection timed out. Last seen 53612 msec ago.)
[12:08:49] [zFGKK#2] doodllez_TTV: joined with identifiers [steam:110000109c92073; license:1cadd20a119cefa4b14ac06dfd26273ee76c470e; xbl:2535450128187403; live:1759222521559603; discord:1040493373187952670; fivem:10371137; license2:670ae25f144371c0b79b132026bbcb3dd26205a7]
[12:10:50] [zFGKK#3] TaDeRibeir0: joined with identifiers [steam:110000112d1a8e4; license:f484c0da18628de9bc81892d628671f6b67ef027; xbl:2535415855155542; live:1759221869768700; discord:297883515859501057; fivem:571871; license2:f484c0da18628de9bc81892d628671f6b67ef027]
[12:56:54] [zFGKK#2] doodllez_TTV: disconnected (Foste expulso do servidor por inatividade.)
[13:04:06] [zFGKK#3] TaDeRibeir0: disconnected (Exiting)
[13:52:50] [zFGKK#4] doodllez_TTV: joined with identifiers [steam:110000109c92073; license:1cadd20a119cefa4b14ac06dfd26273ee76c470e; xbl:2535450128187403; live:1759222521559603; discord:1040493373187952670; fivem:10371137; license2:670ae25f144371c0b79b132026bbcb3dd26205a7]
[13:59:44] [zFGKK#5] BOT Ragnar: joined with identifiers [steam:1100001122fe7f0; license:197e1dfb5669aa7457cf75f13086d3437fea4347; xbl:2535432578918573; live:914801617362406; discord:285425535025152001; license2:197e1dfb5669aa7457cf75f13086d3437fea4347]
[14:28:50] [zFGKK#5] BOT Ragnar: disconnected (Saiu)
[15:36:08] [zFGKK#4] doodllez_TTV: disconnected (Foste expulso do servidor por inatividade.)
[16:33:06] [zFGKK#6] l: joined with identifiers [steam:11000015a43c97d; license:1cadd20a119cefa4b14ac06dfd26273ee76c470e; live:1899946011998251; discord:871604562090414141; fivem:10371137; license2:670ae25f144371c0b79b132026bbcb3dd26205a7]
[16:54:02] [zFGKK#6] l: disconnected (Saiu)
[18:31:00] txAdmin: ((Broadcast) txAdmin): said "Este servidor está agendado para reiniciar em 30 minutos."
[18:46:00] txAdmin: ((Broadcast) txAdmin): said "Este servidor está agendado para reiniciar em 15 minutos."
[18:50:00] txAdmin: ((Broadcast) txAdmin): said "Este servidor está agendado para reiniciar em 10 minutos."
[18:55:00] txAdmin: ((Broadcast) txAdmin): said "Este servidor está agendado para reiniciar em 5 minutos."
[18:56:00] txAdmin: ((Broadcast) txAdmin): said "Este servidor está agendado para reiniciar em 4 minutos."
[18:57:00] txAdmin: ((Broadcast) txAdmin): said "Este servidor está agendado para reiniciar em 3 minutos."
[18:58:01] txAdmin: ((Broadcast) txAdmin): said "Este servidor está agendado para reiniciar em 2 minutos."
[18:59:01] txAdmin: ((Broadcast) txAdmin): said "Este servidor está agendado para reiniciar em 1 minuto. Por favor se disconecte agora."
[19:00:39] txAdmin: Logger started
