
================================================================
======== Log Rotated - 29/05/2023, 00:00:00                     
================================================================
[03:30:14] txAdmin: ((Broadcast) txAdmin): said "Este servidor está agendado para reiniciar em 30 minutos."
[03:45:14] txAdmin: ((Broadcast) txAdmin): said "Este servidor está agendado para reiniciar em 15 minutos."
[03:50:15] txAdmin: ((Broadcast) txAdmin): said "Este servidor está agendado para reiniciar em 10 minutos."
[03:55:15] txAdmin: ((Broadcast) txAdmin): said "Este servidor está agendado para reiniciar em 5 minutos."
[03:56:15] txAdmin: ((Broadcast) txAdmin): said "Este servidor está agendado para reiniciar em 4 minutos."
[03:57:15] txAdmin: ((Broadcast) txAdmin): said "Este servidor está agendado para reiniciar em 3 minutos."
[03:58:15] txAdmin: ((Broadcast) txAdmin): said "Este servidor está agendado para reiniciar em 2 minutos."
[03:59:14] txAdmin: ((Broadcast) txAdmin): said "Este servidor está agendado para reiniciar em 1 minuto. Por favor se disconecte agora."
[04:00:58] txAdmin: Logger started
[04:02:20] [EfgkW#1] doodllez_TTV: joined with identifiers [steam:110000109c92073; license:1cadd20a119cefa4b14ac06dfd26273ee76c470e; xbl:2535450128187403; live:1759222521559603; discord:1040493373187952670; fivem:10371137; license2:670ae25f144371c0b79b132026bbcb3dd26205a7]
[05:16:45] [EfgkW#1] doodllez_TTV: disconnected (Exiting)
[08:12:08] [EfgkW#2] Scream_Succesor: joined with identifiers [steam:110000106216cff; license:878c1205f0b17c55e54bac2dafffbfecfb424eda; live:985154977728566; discord:1033353831054057613; license2:2a26ee460b240726d5c089ce1fe4565f6bec1eb6]
[08:46:24] [EfgkW#2] Scream_Succesor: disconnected (Foste expulso do servidor por inatividade.)
[11:05:28] [EfgkW#3] ric: joined with identifiers [steam:11000014701bb3d; license:3ddd3b99ad8d7930600e2d65eefed88142124b4e; xbl:2535436686248056; live:1055518939742465; discord:478836821963571200; license2:3ddd3b99ad8d7930600e2d65eefed88142124b4e]
[11:08:51] [EfgkW#4] FilipeNV1: joined with identifiers [steam:1100001333ecadf; license:7e92d3099c6cb87c974ef661848eb18ef7da3c6a; xbl:2535450480764937; live:844425483104027; discord:505322792582119424; license2:7e92d3099c6cb87c974ef661848eb18ef7da3c6a]
[11:12:54] [EfgkW#4] FilipeNV1: disconnected (Server->client connection timed out. Last seen 31061 msec ago.)
[11:13:58] [EfgkW#5] FilipeNV1: joined with identifiers [steam:1100001333ecadf; license:7e92d3099c6cb87c974ef661848eb18ef7da3c6a; xbl:2535450480764937; live:844425483104027; discord:505322792582119424; license2:7e92d3099c6cb87c974ef661848eb18ef7da3c6a]
[11:30:27] txAdmin: ((Broadcast) txAdmin): said "Este servidor está agendado para reiniciar em 30 minutos."
[11:45:28] txAdmin: ((Broadcast) txAdmin): said "Este servidor está agendado para reiniciar em 15 minutos."
[11:50:28] txAdmin: ((Broadcast) txAdmin): said "Este servidor está agendado para reiniciar em 10 minutos."
[11:53:43] [EfgkW#3] ric: said "/uit"
[11:53:44] [EfgkW#3] ric: disconnected (Exiting)
[11:53:52] [EfgkW#5] FilipeNV1: disconnected (Exiting)
[11:55:28] txAdmin: ((Broadcast) txAdmin): said "Este servidor está agendado para reiniciar em 5 minutos."
[11:56:28] txAdmin: ((Broadcast) txAdmin): said "Este servidor está agendado para reiniciar em 4 minutos."
[11:57:28] txAdmin: ((Broadcast) txAdmin): said "Este servidor está agendado para reiniciar em 3 minutos."
[11:58:28] txAdmin: ((Broadcast) txAdmin): said "Este servidor está agendado para reiniciar em 2 minutos."
[11:59:28] txAdmin: ((Broadcast) txAdmin): said "Este servidor está agendado para reiniciar em 1 minuto. Por favor se disconecte agora."
[12:05:33] txAdmin: Logger started
[14:37:52] [mz68g#1] doodllez_TTV: joined with identifiers [steam:110000109c92073; license:1cadd20a119cefa4b14ac06dfd26273ee76c470e; xbl:2535450128187403; live:1759222521559603; discord:1040493373187952670; fivem:10371137; license2:670ae25f144371c0b79b132026bbcb3dd26205a7]
[14:42:11] [mz68g#1] doodllez_TTV: disconnected (Exiting)
[14:46:50] [mz68g#2] doodllez_TTV: joined with identifiers [steam:110000109c92073; license:1cadd20a119cefa4b14ac06dfd26273ee76c470e; xbl:2535450128187403; live:1759222521559603; discord:1040493373187952670; fivem:10371137; license2:670ae25f144371c0b79b132026bbcb3dd26205a7]
[14:49:09] [mz68g#2] doodllez_TTV: disconnected (Exiting)
[14:49:20] [mz68g#3] Moleiro: joined with identifiers [steam:11000011335cd21; license:aea015fca6ed7d0c33de431d7a3d4bd90cbb4346; xbl:2535446698869804; live:844424979182919; discord:303306481212850176; fivem:2927024; license2:1703f3c4f2f77538c91a2893cabddd8364408296]
[14:50:22] [mz68g#3] Moleiro: died from suicide (Falling)
[14:53:02] [mz68g#4] doodllez_TTV: joined with identifiers [steam:110000109c92073; license:1cadd20a119cefa4b14ac06dfd26273ee76c470e; xbl:2535450128187403; live:1759222521559603; discord:1040493373187952670; fivem:10371137; license2:670ae25f144371c0b79b132026bbcb3dd26205a7]
[14:53:36] [mz68g#3] Moleiro: disconnected (Exiting)
[15:28:02] [mz68g#5] CavalinhoOriginal: joined with identifiers [steam:11000011d2110af; license:aa5dcfa3a832b3f3582a1346d97927bc92fb0911; xbl:2535421323545650; live:844425773221331; discord:691024898339897345; fivem:7092278; license2:aa5dcfa3a832b3f3582a1346d97927bc92fb0911]
[15:35:56] [mz68g#5] CavalinhoOriginal: died from suicide
[15:36:21] [mz68g#6] adymonteiro: joined with identifiers [steam:110000141010b15; license:45e8e1c62ed6bf060da84616361db92b78d8c4e5; xbl:2535439038334193; live:1829578964248451; discord:708010383868166266; fivem:1003934; license2:121cbf71bedaa752ace3e3cbf21b6cfc86fd0dfe]
[15:49:47] [mz68g#5] CavalinhoOriginal: said "/ix"
[15:54:14] [mz68g#6] adymonteiro: disconnected (Saiu)
[16:03:02] [mz68g#4] doodllez_TTV: disconnected (Exiting)
[16:03:23] [mz68g#7] doodllez_TTV: joined with identifiers [steam:110000109c92073; license:1cadd20a119cefa4b14ac06dfd26273ee76c470e; xbl:2535450128187403; live:1759222521559603; discord:1040493373187952670; fivem:10371137; license2:670ae25f144371c0b79b132026bbcb3dd26205a7]
[16:22:49] [mz68g#5] CavalinhoOriginal: died from Micro SMG by doodllez_TTV
[16:24:17] [mz68g#5] CavalinhoOriginal: died from Micro SMG by doodllez_TTV
[16:24:39] [mz68g#5] CavalinhoOriginal: died from Micro SMG by doodllez_TTV
[16:25:25] [mz68g#7] doodllez_TTV: died from Pistol .50 by CavalinhoOriginal
[16:25:47] [mz68g#7] doodllez_TTV: said "/QUIT7"
[16:25:48] [mz68g#5] CavalinhoOriginal: disconnected (Exiting)
[16:25:49] [mz68g#7] doodllez_TTV: disconnected (Exiting)
[18:30:38] txAdmin: ((Broadcast) txAdmin): said "Este servidor está agendado para reiniciar em 30 minutos."
[18:45:39] txAdmin: ((Broadcast) txAdmin): said "Este servidor está agendado para reiniciar em 15 minutos."
[18:50:38] txAdmin: ((Broadcast) txAdmin): said "Este servidor está agendado para reiniciar em 10 minutos."
[18:55:38] txAdmin: ((Broadcast) txAdmin): said "Este servidor está agendado para reiniciar em 5 minutos."
[18:56:38] txAdmin: ((Broadcast) txAdmin): said "Este servidor está agendado para reiniciar em 4 minutos."
[18:57:39] txAdmin: ((Broadcast) txAdmin): said "Este servidor está agendado para reiniciar em 3 minutos."
[18:58:39] txAdmin: ((Broadcast) txAdmin): said "Este servidor está agendado para reiniciar em 2 minutos."
[18:59:39] txAdmin: ((Broadcast) txAdmin): said "Este servidor está agendado para reiniciar em 1 minuto. Por favor se disconecte agora."
[19:01:25] txAdmin: Logger started
