
================================================================
======== Log Rotated - 01/06/2023, 00:00:00                     
================================================================
[01:06:28] [GxgKM#1] doodllez_TTV: joined with identifiers [steam:110000109c92073; license:1cadd20a119cefa4b14ac06dfd26273ee76c470e; xbl:2535450128187403; live:1759222521559603; discord:1040493373187952670; fivem:10371137; license2:670ae25f144371c0b79b132026bbcb3dd26205a7]
[02:31:36] [GxgKM#1] doodllez_TTV: disconnected (Foste expulso do servidor por inatividade.)
[03:30:15] txAdmin: ((Broadcast) txAdmin): said "Este servidor está agendado para reiniciar em 30 minutos."
[03:39:31] [GxgKM#2] doodllez_TTV: joined with identifiers [steam:110000109c92073; license:1cadd20a119cefa4b14ac06dfd26273ee76c470e; xbl:2535450128187403; live:1759222521559603; discord:1040493373187952670; fivem:10371137; license2:670ae25f144371c0b79b132026bbcb3dd26205a7]
[03:45:15] txAdmin: ((Broadcast) txAdmin): said "Este servidor está agendado para reiniciar em 15 minutos."
[03:45:53] [GxgKM#3] He,blow.me»»»»: joined with identifiers [steam:1100001495d69d1; license:db7167164306acfe865ae2dfe7983feba18a1483; xbl:2535439842421334; live:985154152888897; discord:379090373504401410; fivem:9061948; license2:db7167164306acfe865ae2dfe7983feba18a1483]
[03:50:15] txAdmin: ((Broadcast) txAdmin): said "Este servidor está agendado para reiniciar em 10 minutos."
[03:51:51] [GxgKM#3] He,blow.me»»»»: disconnected (Saiu)
[03:55:15] txAdmin: ((Broadcast) txAdmin): said "Este servidor está agendado para reiniciar em 5 minutos."
[03:55:58] [GxgKM#2] doodllez_TTV: disconnected (Exiting)
[03:56:15] txAdmin: ((Broadcast) txAdmin): said "Este servidor está agendado para reiniciar em 4 minutos."
[03:57:15] txAdmin: ((Broadcast) txAdmin): said "Este servidor está agendado para reiniciar em 3 minutos."
[03:58:15] txAdmin: ((Broadcast) txAdmin): said "Este servidor está agendado para reiniciar em 2 minutos."
[03:59:15] txAdmin: ((Broadcast) txAdmin): said "Este servidor está agendado para reiniciar em 1 minuto. Por favor se disconecte agora."
[04:00:55] txAdmin: Logger started
[04:11:38] [DYyk3#1] ric: joined with identifiers [steam:11000014701bb3d; license:3ddd3b99ad8d7930600e2d65eefed88142124b4e; xbl:2535436686248056; live:1055518939742465; discord:478836821963571200; license2:3ddd3b99ad8d7930600e2d65eefed88142124b4e]
[04:52:57] [DYyk3#1] ric: said "/uit"
[04:52:59] [DYyk3#1] ric: disconnected (Exiting)
[09:37:38] [DYyk3#2] ric: joined with identifiers [steam:11000014701bb3d; license:3ddd3b99ad8d7930600e2d65eefed88142124b4e; xbl:2535436686248056; live:1055518939742465; discord:478836821963571200; license2:3ddd3b99ad8d7930600e2d65eefed88142124b4e]
[09:43:29] [DYyk3#2] ric: said "/uit"
[09:43:30] [DYyk3#2] ric: disconnected (Exiting)
[09:53:26] [DYyk3#3] doodllez_TTV: joined with identifiers [steam:110000109c92073; license:1cadd20a119cefa4b14ac06dfd26273ee76c470e; xbl:2535450128187403; live:1759222521559603; discord:1040493373187952670; fivem:10371137; license2:670ae25f144371c0b79b132026bbcb3dd26205a7]
[10:04:02] [DYyk3#4] Bucha: joined with identifiers [steam:11000014addb3f5; license:c687b2606d520e575f736ff40fa00d2424821f79; live:1688852453857652; discord:1073643379130368071; fivem:8966964; license2:c687b2606d520e575f736ff40fa00d2424821f79]
[10:25:52] [DYyk3#4] Bucha: disconnected (Exiting)
[10:38:49] [DYyk3#5] ric: joined with identifiers [steam:11000014701bb3d; license:3ddd3b99ad8d7930600e2d65eefed88142124b4e; xbl:2535436686248056; live:1055518939742465; discord:478836821963571200; license2:3ddd3b99ad8d7930600e2d65eefed88142124b4e]
[10:50:46] [DYyk3#6] FilipeNV1: joined with identifiers [steam:1100001333ecadf; license:7e92d3099c6cb87c974ef661848eb18ef7da3c6a; xbl:2535450480764937; live:844425483104027; discord:505322792582119424; license2:7e92d3099c6cb87c974ef661848eb18ef7da3c6a]
[10:59:05] [DYyk3#6] FilipeNV1: disconnected (O jogo crashou: GTA5_b2802.exe!sub_1414C28C8 (0x31f))
[11:00:57] [DYyk3#7] FilipeNV1: joined with identifiers [steam:1100001333ecadf; license:7e92d3099c6cb87c974ef661848eb18ef7da3c6a; xbl:2535450480764937; live:844425483104027; discord:505322792582119424; license2:7e92d3099c6cb87c974ef661848eb18ef7da3c6a]
[11:05:16] [DYyk3#7] FilipeNV1: disconnected (Exiting)
[11:06:33] [DYyk3#5] ric: disconnected (Exiting)
[11:17:35] [DYyk3#8] ★BeNtO★: joined with identifiers [steam:11000014a00c4a0; license:9614f7ae25d3472a6cf3d6715da107d641096b48; discord:483996309188247564; fivem:3126522; license2:9614f7ae25d3472a6cf3d6715da107d641096b48]
[11:19:57] [DYyk3#8] ★BeNtO★: disconnected (Exiting)
[11:20:58] [DYyk3#9] ★BeNtO★: joined with identifiers [steam:11000014a00c4a0; license:9614f7ae25d3472a6cf3d6715da107d641096b48; discord:483996309188247564; fivem:3126522; license2:9614f7ae25d3472a6cf3d6715da107d641096b48]
[11:30:29] txAdmin: ((Broadcast) txAdmin): said "Este servidor está agendado para reiniciar em 30 minutos."
[11:45:30] txAdmin: ((Broadcast) txAdmin): said "Este servidor está agendado para reiniciar em 15 minutos."
[11:50:29] txAdmin: ((Broadcast) txAdmin): said "Este servidor está agendado para reiniciar em 10 minutos."
[11:55:30] txAdmin: ((Broadcast) txAdmin): said "Este servidor está agendado para reiniciar em 5 minutos."
[11:56:30] txAdmin: ((Broadcast) txAdmin): said "Este servidor está agendado para reiniciar em 4 minutos."
[11:57:30] txAdmin: ((Broadcast) txAdmin): said "Este servidor está agendado para reiniciar em 3 minutos."
[11:58:30] txAdmin: ((Broadcast) txAdmin): said "Este servidor está agendado para reiniciar em 2 minutos."
[11:59:30] txAdmin: ((Broadcast) txAdmin): said "Este servidor está agendado para reiniciar em 1 minuto. Por favor se disconecte agora."
[11:59:34] [DYyk3#3] doodllez_TTV: disconnected (Exiting)
[11:59:58] [DYyk3#9] ★BeNtO★: disconnected (Exiting)
[12:04:58] txAdmin: Logger started
[12:13:47] [6pBbi#1] Ritler/nheira: joined with identifiers [steam:11000013d1ac0d5; license:7c704940aaa9cf1740ed76902902e9167a747c30; xbl:2535426704982838; live:1759222882249944; discord:614230679462477824; fivem:3383105; license2:7c704940aaa9cf1740ed76902902e9167a747c30]
[12:15:44] [6pBbi#1] Ritler/nheira: disconnected (Game crashed: GTA5_b2802.exe!sub_1412EA1B8 (0x1c9))
[12:16:51] [6pBbi#2] Ritler/nheira: joined with identifiers [steam:11000013d1ac0d5; license:7c704940aaa9cf1740ed76902902e9167a747c30; xbl:2535426704982838; live:1759222882249944; discord:614230679462477824; fivem:3383105; license2:7c704940aaa9cf1740ed76902902e9167a747c30]
[12:31:44] [6pBbi#2] Ritler/nheira: disconnected (Exiting)
[13:15:11] [6pBbi#3] CavalinhoOriginal: joined with identifiers [steam:11000011d2110af; license:aa5dcfa3a832b3f3582a1346d97927bc92fb0911; xbl:2535421323545650; live:844425773221331; discord:691024898339897345; fivem:7092278; license2:aa5dcfa3a832b3f3582a1346d97927bc92fb0911]
[13:39:03] [6pBbi#4] doodllez_TTV: joined with identifiers [steam:110000109c92073; license:1cadd20a119cefa4b14ac06dfd26273ee76c470e; xbl:2535450128187403; live:1759222521559603; discord:1040493373187952670; fivem:10371137; license2:670ae25f144371c0b79b132026bbcb3dd26205a7]
[14:05:51] [6pBbi#5] ric: joined with identifiers [steam:11000014701bb3d; license:3ddd3b99ad8d7930600e2d65eefed88142124b4e; xbl:2535436686248056; live:1055518939742465; discord:478836821963571200; license2:3ddd3b99ad8d7930600e2d65eefed88142124b4e]
[14:09:59] [6pBbi#4] doodllez_TTV: disconnected (Foste expulso do servidor por inatividade.)
[14:10:27] [6pBbi#5] ric: disconnected (Exiting)
[14:10:45] [6pBbi#3] CavalinhoOriginal: disconnected (Exiting)
[14:18:14] [6pBbi#6] doodllez_TTV: joined with identifiers [steam:110000109c92073; license:1cadd20a119cefa4b14ac06dfd26273ee76c470e; xbl:2535450128187403; live:1759222521559603; discord:1040493373187952670; fivem:10371137; license2:670ae25f144371c0b79b132026bbcb3dd26205a7]
[14:36:54] [6pBbi#7] adymonteiro: joined with identifiers [steam:110000141010b15; license:45e8e1c62ed6bf060da84616361db92b78d8c4e5; xbl:2535439038334193; live:1829578964248451; discord:708010383868166266; fivem:1003934; license2:121cbf71bedaa752ace3e3cbf21b6cfc86fd0dfe]
[14:43:03] [6pBbi#7] adymonteiro: disconnected (Saiu)
[14:58:49] [6pBbi#8] BOT Ragnar: joined with identifiers [steam:1100001122fe7f0; license:197e1dfb5669aa7457cf75f13086d3437fea4347; xbl:2535432578918573; live:914801617362406; discord:285425535025152001; license2:197e1dfb5669aa7457cf75f13086d3437fea4347]
