
================================================================
======== Log Rotated - 30/05/2023, 00:00:00                     
================================================================
[03:30:49] txAdmin: ((Broadcast) txAdmin): said "Este servidor está agendado para reiniciar em 30 minutos."
[03:45:51] txAdmin: ((Broadcast) txAdmin): said "Este servidor está agendado para reiniciar em 15 minutos."
[03:50:50] txAdmin: ((Broadcast) txAdmin): said "Este servidor está agendado para reiniciar em 10 minutos."
[03:55:51] txAdmin: ((Broadcast) txAdmin): said "Este servidor está agendado para reiniciar em 5 minutos."
[03:56:51] txAdmin: ((Broadcast) txAdmin): said "Este servidor está agendado para reiniciar em 4 minutos."
[03:57:51] txAdmin: ((Broadcast) txAdmin): said "Este servidor está agendado para reiniciar em 3 minutos."
[03:58:51] txAdmin: ((Broadcast) txAdmin): said "Este servidor está agendado para reiniciar em 2 minutos."
[03:59:51] txAdmin: ((Broadcast) txAdmin): said "Este servidor está agendado para reiniciar em 1 minuto. Por favor se disconecte agora."
[04:01:36] txAdmin: Logger started
[05:29:39] [cxXcd#1] doodllez_TTV: joined with identifiers [steam:110000109c92073; license:1cadd20a119cefa4b14ac06dfd26273ee76c470e; xbl:2535450128187403; live:1759222521559603; discord:1040493373187952670; fivem:10371137; license2:670ae25f144371c0b79b132026bbcb3dd26205a7]
[05:38:55] [cxXcd#1] doodllez_TTV: disconnected (Exiting)
[06:36:13] [cxXcd#2] doodllez_TTV: joined with identifiers [steam:110000109c92073; license:1cadd20a119cefa4b14ac06dfd26273ee76c470e; xbl:2535450128187403; live:1759222521559603; discord:1040493373187952670; fivem:10371137; license2:670ae25f144371c0b79b132026bbcb3dd26205a7]
[06:37:34] [cxXcd#3] BOT Ragnar: joined with identifiers [steam:1100001122fe7f0; license:197e1dfb5669aa7457cf75f13086d3437fea4347; xbl:2535432578918573; live:914801617362406; discord:285425535025152001; license2:197e1dfb5669aa7457cf75f13086d3437fea4347]
[07:03:18] [cxXcd#3] BOT Ragnar: disconnected (Saiu)
[07:04:32] [cxXcd#4] BOT Ragnar: joined with identifiers [steam:1100001122fe7f0; license:197e1dfb5669aa7457cf75f13086d3437fea4347; xbl:2535432578918573; live:914801617362406; discord:285425535025152001; license2:197e1dfb5669aa7457cf75f13086d3437fea4347]
[07:05:07] [cxXcd#4] BOT Ragnar: said "mask"
[07:07:42] [cxXcd#4] BOT Ragnar: disconnected (Saiu)
[07:08:58] [cxXcd#5] BOT Ragnar: joined with identifiers [steam:1100001122fe7f0; license:197e1dfb5669aa7457cf75f13086d3437fea4347; xbl:2535432578918573; live:914801617362406; discord:285425535025152001; license2:197e1dfb5669aa7457cf75f13086d3437fea4347]
[07:21:58] [cxXcd#6] Scream_Succesor: joined with identifiers [steam:110000106216cff; license:878c1205f0b17c55e54bac2dafffbfecfb424eda; live:985154977728566; discord:1033353831054057613; license2:2a26ee460b240726d5c089ce1fe4565f6bec1eb6]
[07:35:09] [cxXcd#2] doodllez_TTV: said "/quir"
[07:35:10] [cxXcd#2] doodllez_TTV: disconnected (Exiting)
[07:35:50] [cxXcd#6] Scream_Succesor: disconnected (Exiting)
[07:39:48] [cxXcd#5] BOT Ragnar: disconnected (Saiu)
[08:23:22] [cxXcd#7] noDYN: joined with identifiers [steam:110000112adc49b; license:597abac946042a3b71434708e055c4a0aa4cd25e; xbl:2535434190802593; live:1899945993931844; discord:145492448234307584; license2:597abac946042a3b71434708e055c4a0aa4cd25e]
[08:25:58] [cxXcd#7] noDYN: said "/disconect"
[08:26:03] [cxXcd#7] noDYN: disconnected (Disconnected.)
[09:09:48] [cxXcd#8] Sal Grosso: joined with identifiers [steam:110000112c0e5e4; license:8b9db3619ba93332f84c30bde1075514383086e8; xbl:2535422337877403; live:914798114815860; discord:429755801276645386; license2:8b9db3619ba93332f84c30bde1075514383086e8]
[09:40:35] [cxXcd#9] noDYN: joined with identifiers [steam:110000112adc49b; license:597abac946042a3b71434708e055c4a0aa4cd25e; xbl:2535434190802593; live:1899945993931844; discord:145492448234307584; license2:597abac946042a3b71434708e055c4a0aa4cd25e]
[09:46:43] [cxXcd#10] ★BeNtO★: joined with identifiers [steam:11000014a00c4a0; license:9614f7ae25d3472a6cf3d6715da107d641096b48; discord:483996309188247564; fivem:3126522; license2:9614f7ae25d3472a6cf3d6715da107d641096b48]
[09:48:44] [cxXcd#11] FilipeNV1: joined with identifiers [steam:1100001333ecadf; license:7e92d3099c6cb87c974ef661848eb18ef7da3c6a; xbl:2535450480764937; live:844425483104027; discord:505322792582119424; license2:7e92d3099c6cb87c974ef661848eb18ef7da3c6a]
[09:50:26] [cxXcd#12] SNM Blackzz: joined with identifiers [steam:11000015c2ff8d3; license:f09c3252f744f59c594af80bf081274a3a5f6b7c; xbl:2535437119562486; live:1688853952557558; discord:596037400153817099; fivem:10582504; license2:f09c3252f744f59c594af80bf081274a3a5f6b7c]
[09:50:42] [cxXcd#13] ric: joined with identifiers [steam:11000014701bb3d; license:3ddd3b99ad8d7930600e2d65eefed88142124b4e; xbl:2535436686248056; live:1055518939742465; discord:478836821963571200; license2:3ddd3b99ad8d7930600e2d65eefed88142124b4e]
[09:51:58] [cxXcd#9] noDYN: disconnected (Exiting)
[10:00:42] [cxXcd#10] ★BeNtO★: disconnected (Exiting)
[10:16:46] [cxXcd#13] ric: said "/fecharmenu"
[10:16:56] [cxXcd#13] ric: said "/close"
[10:16:59] [cxXcd#13] ric: said "/meni"
[10:17:01] [cxXcd#13] ric: said "/menu"
[10:23:35] [cxXcd#8] Sal Grosso: disconnected (Exiting)
[10:29:50] [cxXcd#12] SNM Blackzz: died from suicide
[10:50:14] [cxXcd#11] FilipeNV1: disconnected (Exiting)
[10:51:23] [cxXcd#14] Jordan Kiribi: joined with identifiers [steam:1100001430fa295; license:9285bc65f849d61a87c7c93c96cc20a6fc504f79; xbl:2535449520003953; live:1055519107286394; discord:591055253919760395; license2:9285bc65f849d61a87c7c93c96cc20a6fc504f79]
[10:55:04] [cxXcd#15] martim: joined with identifiers [steam:1100001409689e6; license:05568f7c771af7ec55178042d9e046d06f95bf7f; xbl:2535416754135209; live:914798226076111; discord:920785112692555806; license2:05568f7c771af7ec55178042d9e046d06f95bf7f]
[10:56:48] [cxXcd#14] Jordan Kiribi: disconnected (Saiu)
[10:57:51] [cxXcd#16] Jordan Kiribi: joined with identifiers [steam:1100001430fa295; license:9285bc65f849d61a87c7c93c96cc20a6fc504f79; xbl:2535449520003953; live:1055519107286394; discord:591055253919760395; license2:9285bc65f849d61a87c7c93c96cc20a6fc504f79]
[11:03:00] [cxXcd#15] martim: said "/ crossarms4"
[11:04:35] [cxXcd#12] SNM Blackzz: disconnected (Exiting)
[11:05:05] [cxXcd#16] Jordan Kiribi: said "/openinventory 13"
[11:05:08] [cxXcd#17] Toninho Guxi: joined with identifiers [steam:1100001457586e7; license:18397d2be1dd860ec28230ad1cc8420bf11de3c6; xbl:2535445081717536; live:985157426201838; license2:18397d2be1dd860ec28230ad1cc8420bf11de3c6]
[11:08:52] [cxXcd#15] martim: died from Combat Pistol by Toninho Guxi
[11:09:58] [cxXcd#15] martim: disconnected (Exiting)
[11:09:59] [cxXcd#17] Toninho Guxi: disconnected (Exiting)
[11:10:22] [cxXcd#16] Jordan Kiribi: disconnected (Exiting)
[11:11:29] [cxXcd#13] ric: disconnected (Exiting)
[11:30:59] txAdmin: ((Broadcast) txAdmin): said "Este servidor está agendado para reiniciar em 30 minutos."

================================================================
======== txAdmin Starting - 30/05/2023, 11:50:18                
================================================================
[11:56:11] txAdmin: Logger started
[11:56:18] txAdmin: ((Broadcast) txAdmin): said "Este servidor está agendado para reiniciar em 4 minutos."
[11:57:18] txAdmin: ((Broadcast) txAdmin): said "Este servidor está agendado para reiniciar em 3 minutos."
[11:58:18] txAdmin: ((Broadcast) txAdmin): said "Este servidor está agendado para reiniciar em 2 minutos."
[11:59:18] txAdmin: ((Broadcast) txAdmin): said "Este servidor está agendado para reiniciar em 1 minuto. Por favor se disconecte agora."
[12:00:53] txAdmin: Logger started
[12:07:09] [MXkRQ#1] Scream_Succesor: joined with identifiers [steam:110000106216cff; license:878c1205f0b17c55e54bac2dafffbfecfb424eda; live:985154977728566; discord:1033353831054057613; license2:2a26ee460b240726d5c089ce1fe4565f6bec1eb6]
[12:07:24] [MXkRQ#2] Macran Eristoff aka fiesta: joined with identifiers [steam:1100001470baaf7; license:208387e21f51f6a316ec6170385894d348cb5496; discord:352452171121426444; fivem:1276955; license2:208387e21f51f6a316ec6170385894d348cb5496]
[12:17:34] [MXkRQ#3] martim: joined with identifiers [steam:1100001409689e6; license:05568f7c771af7ec55178042d9e046d06f95bf7f; xbl:2535416754135209; live:914798226076111; discord:920785112692555806; license2:05568f7c771af7ec55178042d9e046d06f95bf7f]
[12:18:20] [MXkRQ#4] adymonteiro: joined with identifiers [steam:110000141010b15; license:45e8e1c62ed6bf060da84616361db92b78d8c4e5; xbl:2535439038334193; live:1829578964248451; fivem:1003934; license2:121cbf71bedaa752ace3e3cbf21b6cfc86fd0dfe]
[12:18:37] [MXkRQ#3] martim: disconnected (Exiting)
[12:19:25] [MXkRQ#5] martim: joined with identifiers [steam:1100001409689e6; license:05568f7c771af7ec55178042d9e046d06f95bf7f; xbl:2535416754135209; live:914798226076111; discord:920785112692555806; license2:05568f7c771af7ec55178042d9e046d06f95bf7f]
[12:20:26] [MXkRQ#2] Macran Eristoff aka fiesta: said "/setjov 1 police 0"
[12:27:11] [MXkRQ#5] martim: disconnected (Exiting)
[12:38:26] [MXkRQ#6] doodllez_TTV: joined with identifiers [steam:110000109c92073; license:1cadd20a119cefa4b14ac06dfd26273ee76c470e; xbl:2535450128187403; live:1759222521559603; discord:1040493373187952670; fivem:10371137; license2:670ae25f144371c0b79b132026bbcb3dd26205a7]
[12:41:01] [MXkRQ#1] Scream_Succesor: said "/sleep"
[12:41:01] [MXkRQ#1] Scream_Succesor: said "/slep"
[12:42:39] [MXkRQ#6] doodllez_TTV: disconnected (Server->client connection timed out. Last seen 50550 msec ago.)
[12:45:15] [MXkRQ#7] doodllez_TTV: joined with identifiers [steam:110000109c92073; license:1cadd20a119cefa4b14ac06dfd26273ee76c470e; xbl:2535450128187403; live:1759222521559603; discord:1040493373187952670; fivem:10371137; license2:670ae25f144371c0b79b132026bbcb3dd26205a7]
[12:50:55] [MXkRQ#1] Scream_Succesor: disconnected (Exiting)
[13:03:33] [MXkRQ#8] Sal Grosso: joined with identifiers [steam:110000112c0e5e4; license:8b9db3619ba93332f84c30bde1075514383086e8; xbl:2535422337877403; live:914798114815860; discord:429755801276645386; license2:8b9db3619ba93332f84c30bde1075514383086e8]
[13:07:58] [MXkRQ#9] noDYN: joined with identifiers [steam:110000112adc49b; license:597abac946042a3b71434708e055c4a0aa4cd25e; xbl:2535434190802593; live:1899945993931844; discord:145492448234307584; license2:597abac946042a3b71434708e055c4a0aa4cd25e]
[13:09:34] [MXkRQ#7] doodllez_TTV: disconnected (Exiting)
[13:10:07] [MXkRQ#10] doodllez_TTV: joined with identifiers [steam:110000109c92073; license:1cadd20a119cefa4b14ac06dfd26273ee76c470e; xbl:2535450128187403; live:1759222521559603; discord:1040493373187952670; fivem:10371137; license2:670ae25f144371c0b79b132026bbcb3dd26205a7]
[13:13:15] [MXkRQ#2] Macran Eristoff aka fiesta: died from suicide
[13:15:44] [MXkRQ#8] Sal Grosso: died from suicide (Falling)
[13:16:25] [MXkRQ#11] FilipeNV1: joined with identifiers [steam:1100001333ecadf; license:7e92d3099c6cb87c974ef661848eb18ef7da3c6a; xbl:2535450480764937; live:844425483104027; discord:505322792582119424; license2:7e92d3099c6cb87c974ef661848eb18ef7da3c6a]
[13:39:23] [MXkRQ#11] FilipeNV1: disconnected (Exiting)
[13:42:50] [MXkRQ#2] Macran Eristoff aka fiesta: disconnected (Exiting)
[13:54:16] [MXkRQ#9] noDYN: disconnected (Exiting)
[14:00:01] [MXkRQ#12] CavalinhoOriginal: joined with identifiers [steam:11000011d2110af; license:aa5dcfa3a832b3f3582a1346d97927bc92fb0911; xbl:2535421323545650; live:844425773221331; discord:691024898339897345; fivem:7092278; license2:aa5dcfa3a832b3f3582a1346d97927bc92fb0911]
[14:00:29] [MXkRQ#8] Sal Grosso: said "/drunk2"
[14:02:47] [MXkRQ#13] Miguel_0504: joined with identifiers [steam:110000139d76be8; license:b7d4fe68eaa84b8578ee2023a99678cd8d165fa3; discord:704448919937089647; license2:b7d4fe68eaa84b8578ee2023a99678cd8d165fa3]
[14:13:26] [MXkRQ#8] Sal Grosso: said "/drunk2"
[14:13:27] [MXkRQ#8] Sal Grosso: said "/drunk2"
[14:18:18] [MXkRQ#14] Jordan Kiribi: joined with identifiers [steam:1100001430fa295; license:9285bc65f849d61a87c7c93c96cc20a6fc504f79; xbl:2535449520003953; live:1055519107286394; discord:591055253919760395; license2:9285bc65f849d61a87c7c93c96cc20a6fc504f79]
[14:23:08] [MXkRQ#13] Miguel_0504: said "/close menu"
[14:23:43] [MXkRQ#13] Miguel_0504: disconnected (Disconnected.)
[14:25:52] [MXkRQ#15] Miguel_0504: joined with identifiers [steam:110000139d76be8; license:b7d4fe68eaa84b8578ee2023a99678cd8d165fa3; discord:704448919937089647; license2:b7d4fe68eaa84b8578ee2023a99678cd8d165fa3]
[14:26:33] [MXkRQ#8] Sal Grosso: disconnected (Exiting)
[14:27:56] [MXkRQ#16] Sal Grosso: joined with identifiers [steam:110000112c0e5e4; license:8b9db3619ba93332f84c30bde1075514383086e8; xbl:2535422337877403; live:914798114815860; discord:429755801276645386; license2:8b9db3619ba93332f84c30bde1075514383086e8]
[14:28:08] [MXkRQ#12] CavalinhoOriginal: disconnected (Exiting)
[14:28:43] [MXkRQ#16] Sal Grosso: disconnected (O jogo crashou: GTA5_b2802.exe!sub_1412EA1B8 (0x1c9))
[14:29:21] [MXkRQ#15] Miguel_0504: died from Combat Pistol by Jordan Kiribi
[14:29:28] [MXkRQ#17] Sal Grosso: joined with identifiers [steam:110000112c0e5e4; license:8b9db3619ba93332f84c30bde1075514383086e8; xbl:2535422337877403; live:914798114815860; discord:429755801276645386; license2:8b9db3619ba93332f84c30bde1075514383086e8]
[14:29:37] [MXkRQ#15] Miguel_0504: died from Combat Pistol by Jordan Kiribi
[14:30:36] [MXkRQ#15] Miguel_0504: disconnected (Exiting)
[14:30:59] [MXkRQ#14] Jordan Kiribi: said "/qui"
[14:31:02] [MXkRQ#14] Jordan Kiribi: disconnected (Exiting)
[14:38:43] [MXkRQ#4] adymonteiro: disconnected (Saiu)
[14:40:55] [MXkRQ#10] doodllez_TTV: disconnected (Exiting)
[14:58:10] [MXkRQ#17] Sal Grosso: disconnected (Exiting)
[14:59:16] [MXkRQ#18] Sal Grosso: joined with identifiers [steam:110000112c0e5e4; license:8b9db3619ba93332f84c30bde1075514383086e8; xbl:2535422337877403; live:914798114815860; discord:429755801276645386; license2:8b9db3619ba93332f84c30bde1075514383086e8]
[15:04:47] [MXkRQ#18] Sal Grosso: died from suicide (Falling)
[15:34:38] [MXkRQ#18] Sal Grosso: disconnected (Exiting)
[16:58:46] [MXkRQ#19] doodllez_TTV: joined with identifiers [steam:110000109c92073; license:1cadd20a119cefa4b14ac06dfd26273ee76c470e; xbl:2535450128187403; live:1759222521559603; discord:1040493373187952670; fivem:10371137; license2:670ae25f144371c0b79b132026bbcb3dd26205a7]
[17:44:48] [MXkRQ#19] doodllez_TTV: disconnected (Foste expulso do servidor por inatividade.)
[18:30:26] txAdmin: ((Broadcast) txAdmin): said "Este servidor está agendado para reiniciar em 30 minutos."
[18:45:26] txAdmin: ((Broadcast) txAdmin): said "Este servidor está agendado para reiniciar em 15 minutos."
[18:50:26] txAdmin: ((Broadcast) txAdmin): said "Este servidor está agendado para reiniciar em 10 minutos."
[18:55:26] txAdmin: ((Broadcast) txAdmin): said "Este servidor está agendado para reiniciar em 5 minutos."
[18:56:26] txAdmin: ((Broadcast) txAdmin): said "Este servidor está agendado para reiniciar em 4 minutos."
[18:57:26] txAdmin: ((Broadcast) txAdmin): said "Este servidor está agendado para reiniciar em 3 minutos."
[18:58:27] txAdmin: ((Broadcast) txAdmin): said "Este servidor está agendado para reiniciar em 2 minutos."
[18:59:27] txAdmin: ((Broadcast) txAdmin): said "Este servidor está agendado para reiniciar em 1 minuto. Por favor se disconecte agora."
[19:01:08] txAdmin: Logger started
